<?xml version="1.0" encoding="utf-8"?>
<TestRun id="7e3e3446-8e32-40a5-9be0-b66ded6cdce9" name="naga.kiran@SOLNB-1HX9F94 2025-08-05 16:03:49" runUser="INT\naga.kiran" xmlns="http://microsoft.com/schemas/VisualStudio/TeamTest/2010">
  <Times creation="2025-08-05T16:03:49.8234708+05:30" queuing="2025-08-05T16:03:49.8234716+05:30" start="2025-08-05T16:03:48.2284328+05:30" finish="2025-08-05T16:03:49.9668789+05:30" />
  <TestSettings name="default" id="6a4dd930-0030-45ad-9500-c9f519943140">
    <Deployment runDeploymentRoot="naga.kiran_SOLNB-1HX9F94_2025-08-05_16_03_49" />
  </TestSettings>
  <Results>
    <UnitTestResult executionId="46f99bbc-f407-43ef-92b8-f1af7d4d8807" testId="31da5096-1153-8a09-5cb3-d129776621f6" testName="GetById_ShouldReturnOk_WhenFound" computerName="SOLNB-1HX9F94" duration="00:00:00.0010815" startTime="2025-08-05T16:03:49.8695181+05:30" endTime="2025-08-05T16:03:49.8706595+05:30" testType="13cdc9d9-ddb5-4fa4-a97d-d965ccfc6d4b" outcome="Passed" testListId="8c84fa94-04c1-424b-9868-57a2d4851a1d" relativeResultsDirectory="46f99bbc-f407-43ef-92b8-f1af7d4d8807" />
    <UnitTestResult executionId="18cb4df9-6378-4f88-a660-83d600230a62" testId="73eb45f5-f88a-3bad-82bc-2e8e7aee5924" testName="GetByIdAsync_ShouldReturnMappedDto_WhenLotExists" computerName="SOLNB-1HX9F94" duration="00:00:00.0020158" startTime="2025-08-05T16:03:49.8303405+05:30" endTime="2025-08-05T16:03:49.8324365+05:30" testType="13cdc9d9-ddb5-4fa4-a97d-d965ccfc6d4b" outcome="Passed" testListId="8c84fa94-04c1-424b-9868-57a2d4851a1d" relativeResultsDirectory="18cb4df9-6378-4f88-a660-83d600230a62" />
    <UnitTestResult executionId="b7260301-a9ea-4663-9f80-c398d5e74816" testId="d14355f8-f074-a30e-854f-16f5aa3d3252" testName="Search_ShouldReturnBadRequest_WhenInvalidDates" computerName="SOLNB-1HX9F94" duration="00:00:00.0002880" startTime="2025-08-05T16:03:49.8792442+05:30" endTime="2025-08-05T16:03:49.8795866+05:30" testType="13cdc9d9-ddb5-4fa4-a97d-d965ccfc6d4b" outcome="Passed" testListId="8c84fa94-04c1-424b-9868-57a2d4851a1d" relativeResultsDirectory="b7260301-a9ea-4663-9f80-c398d5e74816" />
    <UnitTestResult executionId="a0809f7b-53ff-457f-a45b-f3664e27d00e" testId="4dd0c9cd-6285-7618-5898-0aa207652629" testName="GetAllAsync_ShouldReturnUsers_WhenUsersExistFalse" computerName="SOLNB-1HX9F94" duration="00:00:00.0016562" startTime="2025-08-05T16:03:49.1016635+05:30" endTime="2025-08-05T16:03:49.1038379+05:30" testType="13cdc9d9-ddb5-4fa4-a97d-d965ccfc6d4b" outcome="Passed" testListId="8c84fa94-04c1-424b-9868-57a2d4851a1d" relativeResultsDirectory="a0809f7b-53ff-457f-a45b-f3664e27d00e" />
    <UnitTestResult executionId="2206cfd6-311d-434b-8c6b-ad00017f92f6" testId="d274b92b-c261-c981-fd9b-7dd043ffe3de" testName="Search_ReturnsMatchingVehicles" computerName="SOLNB-1HX9F94" duration="00:00:00.0013349" startTime="2025-08-05T16:03:49.9116589+05:30" endTime="2025-08-05T16:03:49.9130876+05:30" testType="13cdc9d9-ddb5-4fa4-a97d-d965ccfc6d4b" outcome="Passed" testListId="8c84fa94-04c1-424b-9868-57a2d4851a1d" relativeResultsDirectory="2206cfd6-311d-434b-8c6b-ad00017f92f6" />
    <UnitTestResult executionId="b3353ded-9aff-41a6-908f-6692b57e96fe" testId="e799c0c7-3aef-cde6-8bb8-e23656100378" testName="GetByUserIdAsync_ShouldReturnEmpty_WhenUserHasNoVehicles" computerName="SOLNB-1HX9F94" duration="00:00:00.0012450" startTime="2025-08-05T16:03:49.7881976+05:30" endTime="2025-08-05T16:03:49.7895052+05:30" testType="13cdc9d9-ddb5-4fa4-a97d-d965ccfc6d4b" outcome="Passed" testListId="8c84fa94-04c1-424b-9868-57a2d4851a1d" relativeResultsDirectory="b3353ded-9aff-41a6-908f-6692b57e96fe" />
    <UnitTestResult executionId="3b09c66d-6496-47c8-9519-149d099ab1ac" testId="c5f8635f-3f82-bb08-bf64-c0a5cd7e1502" testName="GetById_ShouldReturnNotFound_WhenNotFound" computerName="SOLNB-1HX9F94" duration="00:00:00.0006071" startTime="2025-08-05T16:03:49.8483063+05:30" endTime="2025-08-05T16:03:49.8489963+05:30" testType="13cdc9d9-ddb5-4fa4-a97d-d965ccfc6d4b" outcome="Passed" testListId="8c84fa94-04c1-424b-9868-57a2d4851a1d" relativeResultsDirectory="3b09c66d-6496-47c8-9519-149d099ab1ac" />
    <UnitTestResult executionId="0015e22b-9745-4b5c-9013-1c52b16c1b0b" testId="aa98d86b-b840-a1e7-2124-dd9ee61f971f" testName="GetById_ReturnsOk_WhenVehicleExists" computerName="SOLNB-1HX9F94" duration="00:00:00.0023627" startTime="2025-08-05T16:03:49.9058644+05:30" endTime="2025-08-05T16:03:49.9083435+05:30" testType="13cdc9d9-ddb5-4fa4-a97d-d965ccfc6d4b" outcome="Passed" testListId="8c84fa94-04c1-424b-9868-57a2d4851a1d" relativeResultsDirectory="0015e22b-9745-4b5c-9013-1c52b16c1b0b" />
    <UnitTestResult executionId="b421450d-4198-466c-b1f5-86e272c5d833" testId="6b635aa3-bec2-5035-fab8-faf002bd3c5b" testName="RegisterAsync_ShouldReturnCreatedUserTrue" computerName="SOLNB-1HX9F94" duration="00:00:00.2342202" startTime="2025-08-05T16:03:49.1116106+05:30" endTime="2025-08-05T16:03:49.3459400+05:30" testType="13cdc9d9-ddb5-4fa4-a97d-d965ccfc6d4b" outcome="Passed" testListId="8c84fa94-04c1-424b-9868-57a2d4851a1d" relativeResultsDirectory="b421450d-4198-466c-b1f5-86e272c5d833" />
    <UnitTestResult executionId="a35aea19-2385-4e53-a1eb-418c5a950b1e" testId="02e81839-7c12-edfb-4c02-0ab0c912d49e" testName="Delete_ReturnsNoContent_WhenDeleted" computerName="SOLNB-1HX9F94" duration="00:00:00.0009272" startTime="2025-08-05T16:03:49.9164932+05:30" endTime="2025-08-05T16:03:49.9174734+05:30" testType="13cdc9d9-ddb5-4fa4-a97d-d965ccfc6d4b" outcome="Passed" testListId="8c84fa94-04c1-424b-9868-57a2d4851a1d" relativeResultsDirectory="a35aea19-2385-4e53-a1eb-418c5a950b1e" />
    <UnitTestResult executionId="c4fecbc6-6413-4ae7-af45-905d410edacc" testId="ddeb16d0-a821-1046-3b6e-42a05925eea1" testName="DeleteAsync_ShouldReturnTrue_WhenUserIsDeletedTrue" computerName="SOLNB-1HX9F94" duration="00:00:00.0014430" startTime="2025-08-05T16:03:49.7519785+05:30" endTime="2025-08-05T16:03:49.7535201+05:30" testType="13cdc9d9-ddb5-4fa4-a97d-d965ccfc6d4b" outcome="Passed" testListId="8c84fa94-04c1-424b-9868-57a2d4851a1d" relativeResultsDirectory="c4fecbc6-6413-4ae7-af45-905d410edacc" />
    <UnitTestResult executionId="d31740fa-2e91-4706-8202-bee160396356" testId="7774c4e5-537c-ff8d-9d56-8a5d3e627df5" testName="LoginAsync_ShouldReturnUser_WhenValidCredentialsFalse" computerName="SOLNB-1HX9F94" duration="00:00:00.0011887" startTime="2025-08-05T16:03:49.7505417+05:30" endTime="2025-08-05T16:03:49.7519097+05:30" testType="13cdc9d9-ddb5-4fa4-a97d-d965ccfc6d4b" outcome="Passed" testListId="8c84fa94-04c1-424b-9868-57a2d4851a1d" relativeResultsDirectory="d31740fa-2e91-4706-8202-bee160396356" />
    <UnitTestResult executionId="79f21d2f-7d5d-4795-a8fb-50475725826a" testId="c0009152-5d85-b475-a959-c4980d501eb8" testName="DeleteAsync_ShouldReturnTrue_WhenSuccessful" computerName="SOLNB-1HX9F94" duration="00:00:00.0011680" startTime="2025-08-05T16:03:49.8350596+05:30" endTime="2025-08-05T16:03:49.8362812+05:30" testType="13cdc9d9-ddb5-4fa4-a97d-d965ccfc6d4b" outcome="Passed" testListId="8c84fa94-04c1-424b-9868-57a2d4851a1d" relativeResultsDirectory="79f21d2f-7d5d-4795-a8fb-50475725826a" />
    <UnitTestResult executionId="3568cbdf-b10a-4423-b320-4f4ac8df2011" testId="3928d88e-0f0e-0b2d-cd78-756310749bb4" testName="UpdateAsync_ReturnsNull_WhenNotFound" computerName="SOLNB-1HX9F94" duration="00:00:00.0008485" startTime="2025-08-05T16:03:49.8363129+05:30" endTime="2025-08-05T16:03:49.8372162+05:30" testType="13cdc9d9-ddb5-4fa4-a97d-d965ccfc6d4b" outcome="Passed" testListId="8c84fa94-04c1-424b-9868-57a2d4851a1d" relativeResultsDirectory="3568cbdf-b10a-4423-b320-4f4ac8df2011" />
    <UnitTestResult executionId="9df7b33b-6b50-4e6d-9e76-37e90cf008cf" testId="456c9a65-f9f0-cbcf-6516-e95bbf598c0f" testName="CreateAsync_ShouldReturnVehicle_WhenValid" computerName="SOLNB-1HX9F94" duration="00:00:00.0033780" startTime="2025-08-05T16:03:49.7895414+05:30" endTime="2025-08-05T16:03:49.7929793+05:30" testType="13cdc9d9-ddb5-4fa4-a97d-d965ccfc6d4b" outcome="Passed" testListId="8c84fa94-04c1-424b-9868-57a2d4851a1d" relativeResultsDirectory="9df7b33b-6b50-4e6d-9e76-37e90cf008cf" />
    <UnitTestResult executionId="5cc2a1cb-4513-4f89-a721-a4788975ccf6" testId="1f3dc559-d888-f056-7513-00084deb3366" testName="Create_ShouldReturnCreated_WhenSuccess" computerName="SOLNB-1HX9F94" duration="00:00:00.0011571" startTime="2025-08-05T16:03:49.8712366+05:30" endTime="2025-08-05T16:03:49.8724448+05:30" testType="13cdc9d9-ddb5-4fa4-a97d-d965ccfc6d4b" outcome="Passed" testListId="8c84fa94-04c1-424b-9868-57a2d4851a1d" relativeResultsDirectory="5cc2a1cb-4513-4f89-a721-a4788975ccf6" />
    <UnitTestResult executionId="47200016-0ecc-49b7-ad6e-b3f15393b3c3" testId="117f34a4-11ac-b1e0-ab4d-607741e8731e" testName="CreateAsync_ShouldAddAndReturnCreatedDto" computerName="SOLNB-1HX9F94" duration="00:00:00.0025097" startTime="2025-08-05T16:03:49.8324653+05:30" endTime="2025-08-05T16:03:49.8350302+05:30" testType="13cdc9d9-ddb5-4fa4-a97d-d965ccfc6d4b" outcome="Passed" testListId="8c84fa94-04c1-424b-9868-57a2d4851a1d" relativeResultsDirectory="47200016-0ecc-49b7-ad6e-b3f15393b3c3" />
    <UnitTestResult executionId="f4e0a984-be75-42ed-995c-c5e0a7d82f7b" testId="7bdbc46c-04fd-1dd1-e11e-17429e52cb37" testName="Delete_ShouldReturnNoContent_WhenSuccessful" computerName="SOLNB-1HX9F94" duration="00:00:00.0013022" startTime="2025-08-05T16:03:49.8630770+05:30" endTime="2025-08-05T16:03:49.8644341+05:30" testType="13cdc9d9-ddb5-4fa4-a97d-d965ccfc6d4b" outcome="Passed" testListId="8c84fa94-04c1-424b-9868-57a2d4851a1d" relativeResultsDirectory="f4e0a984-be75-42ed-995c-c5e0a7d82f7b" />
    <UnitTestResult executionId="055aead2-5ada-4544-9f41-af2a5c07d694" testId="343f5695-023c-9961-af4f-e1f4153e9db1" testName="Login_ShouldReturnUnauthorized_WhenInvalid" computerName="SOLNB-1HX9F94" duration="00:00:00.0008075" startTime="2025-08-05T16:03:49.8911506+05:30" endTime="2025-08-05T16:03:49.8920166+05:30" testType="13cdc9d9-ddb5-4fa4-a97d-d965ccfc6d4b" outcome="Passed" testListId="8c84fa94-04c1-424b-9868-57a2d4851a1d" relativeResultsDirectory="055aead2-5ada-4544-9f41-af2a5c07d694" />
    <UnitTestResult executionId="1c1fd1a3-d8c5-469e-9229-b74696c7c262" testId="3014884c-cb7b-7f9e-db43-60d68e3b7245" testName="GetByIdAsync_ShouldReturnVehicle_WhenVehicleExists" computerName="SOLNB-1HX9F94" duration="00:00:00.0047533" startTime="2025-08-05T16:03:49.7797074+05:30" endTime="2025-08-05T16:03:49.7845959+05:30" testType="13cdc9d9-ddb5-4fa4-a97d-d965ccfc6d4b" outcome="Passed" testListId="8c84fa94-04c1-424b-9868-57a2d4851a1d" relativeResultsDirectory="1c1fd1a3-d8c5-469e-9229-b74696c7c262" />
    <UnitTestResult executionId="536944b3-190e-47a1-8504-4c0f51f4c463" testId="e4275c15-7221-7555-2e0e-dc88261c14c8" testName="GetAll_ReturnsOk_WithVehicleList" computerName="SOLNB-1HX9F94" duration="00:00:00.0066568" startTime="2025-08-05T16:03:49.8959541+05:30" endTime="2025-08-05T16:03:49.9027393+05:30" testType="13cdc9d9-ddb5-4fa4-a97d-d965ccfc6d4b" outcome="Passed" testListId="8c84fa94-04c1-424b-9868-57a2d4851a1d" relativeResultsDirectory="536944b3-190e-47a1-8504-4c0f51f4c463" />
    <UnitTestResult executionId="9a032893-5cfc-48c8-b74f-9ad791a32bbd" testId="4f048e89-0159-1930-f93a-7c6c7b6cf428" testName="Delete_ShouldReturnNotFound_WhenMissing" computerName="SOLNB-1HX9F94" duration="00:00:00.0003696" startTime="2025-08-05T16:03:49.8769973+05:30" endTime="2025-08-05T16:03:49.8774156+05:30" testType="13cdc9d9-ddb5-4fa4-a97d-d965ccfc6d4b" outcome="Passed" testListId="8c84fa94-04c1-424b-9868-57a2d4851a1d" relativeResultsDirectory="9a032893-5cfc-48c8-b74f-9ad791a32bbd" />
    <UnitTestResult executionId="56ccd662-a39e-4aa5-b9d1-8eaaca5b8b31" testId="04296688-23c3-7b47-bb14-5d1470d62fa2" testName="Create_ReturnsCreatedAtAction" computerName="SOLNB-1HX9F94" duration="00:00:00.0011570" startTime="2025-08-05T16:03:49.9131198+05:30" endTime="2025-08-05T16:03:49.9143379+05:30" testType="13cdc9d9-ddb5-4fa4-a97d-d965ccfc6d4b" outcome="Passed" testListId="8c84fa94-04c1-424b-9868-57a2d4851a1d" relativeResultsDirectory="56ccd662-a39e-4aa5-b9d1-8eaaca5b8b31" />
    <UnitTestResult executionId="25cc2c2b-d540-4226-ba8e-f7282feeba4d" testId="abf3ca11-8a70-2db8-e643-ff136054ebcb" testName="Register_ShouldReturnOk_WhenUserIsCreated" computerName="SOLNB-1HX9F94" duration="00:00:00.0014294" startTime="2025-08-05T16:03:49.8849238+05:30" endTime="2025-08-05T16:03:49.8864252+05:30" testType="13cdc9d9-ddb5-4fa4-a97d-d965ccfc6d4b" outcome="Passed" testListId="8c84fa94-04c1-424b-9868-57a2d4851a1d" relativeResultsDirectory="25cc2c2b-d540-4226-ba8e-f7282feeba4d" />
    <UnitTestResult executionId="d4fe3050-82ad-43cc-aa12-c0ca6a7c93c0" testId="258d1529-a56c-338b-5610-ab15bb9ffdfd" testName="GetByIdAsync_ShouldReturnUser_WhenUserExistsFalse" computerName="SOLNB-1HX9F94" duration="00:00:00.0011183" startTime="2025-08-05T16:03:49.1103859+05:30" endTime="2025-08-05T16:03:49.1115867+05:30" testType="13cdc9d9-ddb5-4fa4-a97d-d965ccfc6d4b" outcome="Passed" testListId="8c84fa94-04c1-424b-9868-57a2d4851a1d" relativeResultsDirectory="d4fe3050-82ad-43cc-aa12-c0ca6a7c93c0" />
    <UnitTestResult executionId="43f80df2-2989-4ffe-956e-75eba79f538a" testId="6f9c1c44-45e2-6c18-76f6-77d349e2bcb0" testName="DeleteAsync_ShouldReturnTrue_WhenEntityExists" computerName="SOLNB-1HX9F94" duration="00:00:00.0013209" startTime="2025-08-05T16:03:49.8076812+05:30" endTime="2025-08-05T16:03:49.8090761+05:30" testType="13cdc9d9-ddb5-4fa4-a97d-d965ccfc6d4b" outcome="Passed" testListId="8c84fa94-04c1-424b-9868-57a2d4851a1d" relativeResultsDirectory="43f80df2-2989-4ffe-956e-75eba79f538a" />
    <UnitTestResult executionId="b45f7207-9005-49c3-b524-b2f087a887bf" testId="3e45a5c8-7e10-fc13-be20-aa11ae138f44" testName="DeleteAsync_DeletesAndReturnsTrue" computerName="SOLNB-1HX9F94" duration="00:00:00.0004480" startTime="2025-08-05T16:03:49.8404260+05:30" endTime="2025-08-05T16:03:49.8409287+05:30" testType="13cdc9d9-ddb5-4fa4-a97d-d965ccfc6d4b" outcome="Passed" testListId="8c84fa94-04c1-424b-9868-57a2d4851a1d" relativeResultsDirectory="b45f7207-9005-49c3-b524-b2f087a887bf" />
    <UnitTestResult executionId="239ad12d-8c4a-40cd-a7ea-0283712569de" testId="1d8b2e12-83f8-a6d8-f5b3-f1ffd899e534" testName="Login_ShouldReturnToken_WhenValidCredentials" computerName="SOLNB-1HX9F94" duration="00:00:00.0022692" startTime="2025-08-05T16:03:49.8887964+05:30" endTime="2025-08-05T16:03:49.8911173+05:30" testType="13cdc9d9-ddb5-4fa4-a97d-d965ccfc6d4b" outcome="Passed" testListId="8c84fa94-04c1-424b-9868-57a2d4851a1d" relativeResultsDirectory="239ad12d-8c4a-40cd-a7ea-0283712569de" />
    <UnitTestResult executionId="074474ce-4fe7-4426-a4ce-93d23db8c12f" testId="45d38f21-20e6-fa81-7f1c-8e447ff2789b" testName="DeleteAsync_ReturnsFalse_WhenNotFound" computerName="SOLNB-1HX9F94" duration="00:00:00.0004079" startTime="2025-08-05T16:03:49.8399348+05:30" endTime="2025-08-05T16:03:49.8404021+05:30" testType="13cdc9d9-ddb5-4fa4-a97d-d965ccfc6d4b" outcome="Passed" testListId="8c84fa94-04c1-424b-9868-57a2d4851a1d" relativeResultsDirectory="074474ce-4fe7-4426-a4ce-93d23db8c12f" />
    <UnitTestResult executionId="bd1a7754-db1e-4abb-a690-54a1956e8542" testId="dcad01f7-2ff1-46be-5014-80da8c37fab5" testName="GetAll_ShouldReturnOk_WithParkingLots" computerName="SOLNB-1HX9F94" duration="00:00:00.0031446" startTime="2025-08-05T16:03:49.8649656+05:30" endTime="2025-08-05T16:03:49.8682258+05:30" testType="13cdc9d9-ddb5-4fa4-a97d-d965ccfc6d4b" outcome="Passed" testListId="8c84fa94-04c1-424b-9868-57a2d4851a1d" relativeResultsDirectory="bd1a7754-db1e-4abb-a690-54a1956e8542" />
    <UnitTestResult executionId="e3b95487-60fc-489d-be0c-69d0f6ae17af" testId="5448e05d-c875-bf44-114a-fd9619369e1d" testName="UpdateAsync_ShouldReturnTrue_WhenEntityExists" computerName="SOLNB-1HX9F94" duration="00:00:00.0030654" startTime="2025-08-05T16:03:49.8174704+05:30" endTime="2025-08-05T16:03:49.8207702+05:30" testType="13cdc9d9-ddb5-4fa4-a97d-d965ccfc6d4b" outcome="Passed" testListId="8c84fa94-04c1-424b-9868-57a2d4851a1d" relativeResultsDirectory="e3b95487-60fc-489d-be0c-69d0f6ae17af" />
    <UnitTestResult executionId="d4735d8b-4796-4211-9402-7cd3e8ec23b3" testId="e0aede23-3949-7013-599b-9cc9564cf804" testName="Update_ShouldReturnNotFound_WhenMissing" computerName="SOLNB-1HX9F94" duration="00:00:00.0007118" startTime="2025-08-05T16:03:49.8751900+05:30" endTime="2025-08-05T16:03:49.8759582+05:30" testType="13cdc9d9-ddb5-4fa4-a97d-d965ccfc6d4b" outcome="Passed" testListId="8c84fa94-04c1-424b-9868-57a2d4851a1d" relativeResultsDirectory="d4735d8b-4796-4211-9402-7cd3e8ec23b3" />
    <UnitTestResult executionId="9bb60d29-683f-4025-8e03-3b8261650083" testId="a2919b9b-9615-7cb0-5cc2-25169af24724" testName="UpdateAsync_ShouldReturnUpdatedUserTrue" computerName="SOLNB-1HX9F94" duration="00:00:00.0018261" startTime="2025-08-05T16:03:49.7759429+05:30" endTime="2025-08-05T16:03:49.7778451+05:30" testType="13cdc9d9-ddb5-4fa4-a97d-d965ccfc6d4b" outcome="Passed" testListId="8c84fa94-04c1-424b-9868-57a2d4851a1d" relativeResultsDirectory="9bb60d29-683f-4025-8e03-3b8261650083" />
    <UnitTestResult executionId="b2c9509e-9a40-4fa6-bc81-2f9522f90989" testId="9a8a651e-ab5b-c4f6-01b0-32269ed030ea" testName="DeleteAsync_ShouldReturnFalse_WhenEntityDoesNotExist" computerName="SOLNB-1HX9F94" duration="00:00:00.0004739" startTime="2025-08-05T16:03:49.8091095+05:30" endTime="2025-08-05T16:03:49.8096449+05:30" testType="13cdc9d9-ddb5-4fa4-a97d-d965ccfc6d4b" outcome="Passed" testListId="8c84fa94-04c1-424b-9868-57a2d4851a1d" relativeResultsDirectory="b2c9509e-9a40-4fa6-bc81-2f9522f90989" />
    <UnitTestResult executionId="b51aaec8-f76f-48c7-8118-cc71228a6ba3" testId="63c774fd-51b1-09e9-cda7-d1d1fc7d1c8c" testName="GetAllAsync_ShouldReturnMappedAllocations" computerName="SOLNB-1HX9F94" duration="00:00:00.0054378" startTime="2025-08-05T16:03:49.8003707+05:30" endTime="2025-08-05T16:03:49.8059333+05:30" testType="13cdc9d9-ddb5-4fa4-a97d-d965ccfc6d4b" outcome="Passed" testListId="8c84fa94-04c1-424b-9868-57a2d4851a1d" relativeResultsDirectory="b51aaec8-f76f-48c7-8118-cc71228a6ba3" />
    <UnitTestResult executionId="7a5e5fb2-f06c-4521-a8c6-6013e9179cfb" testId="2aee4878-5c77-3c47-7469-839f2c1db038" testName="GetAll_ShouldReturn500_OnException" computerName="SOLNB-1HX9F94" duration="00:00:00.0011651" startTime="2025-08-05T16:03:49.8682594+05:30" endTime="2025-08-05T16:03:49.8694834+05:30" testType="13cdc9d9-ddb5-4fa4-a97d-d965ccfc6d4b" outcome="Passed" testListId="8c84fa94-04c1-424b-9868-57a2d4851a1d" relativeResultsDirectory="7a5e5fb2-f06c-4521-a8c6-6013e9179cfb" />
    <UnitTestResult executionId="7e9c92bf-d37e-47ad-bdaa-5341d68867c8" testId="79f1df1b-99f8-41bb-14c7-4e6d3cd79359" testName="CreateAsync_ShouldThrowException_WhenRepositoryFails" computerName="SOLNB-1HX9F94" duration="00:00:00.0025689" startTime="2025-08-05T16:03:49.8147895+05:30" endTime="2025-08-05T16:03:49.8174333+05:30" testType="13cdc9d9-ddb5-4fa4-a97d-d965ccfc6d4b" outcome="Passed" testListId="8c84fa94-04c1-424b-9868-57a2d4851a1d" relativeResultsDirectory="7e9c92bf-d37e-47ad-bdaa-5341d68867c8" />
    <UnitTestResult executionId="26f600b3-3f54-4f0f-b893-3f0c8d717fc7" testId="9e3db448-0162-4616-558b-43031bd5c23e" testName="GetByVehicleId_ShouldReturnOkWithData" computerName="SOLNB-1HX9F94" duration="00:00:00.0024171" startTime="2025-08-05T16:03:49.8490226+05:30" endTime="2025-08-05T16:03:49.8515026+05:30" testType="13cdc9d9-ddb5-4fa4-a97d-d965ccfc6d4b" outcome="Passed" testListId="8c84fa94-04c1-424b-9868-57a2d4851a1d" relativeResultsDirectory="26f600b3-3f54-4f0f-b893-3f0c8d717fc7" />
    <UnitTestResult executionId="20ade526-011d-4109-8ee8-3ccd4ecd5e8c" testId="d9f31a27-989c-3017-9467-feec03588e0e" testName="Update_ShouldReturnOk_WhenSuccessful" computerName="SOLNB-1HX9F94" duration="00:00:00.0013912" startTime="2025-08-05T16:03:49.8935800+05:30" endTime="2025-08-05T16:03:49.8950273+05:30" testType="13cdc9d9-ddb5-4fa4-a97d-d965ccfc6d4b" outcome="Passed" testListId="8c84fa94-04c1-424b-9868-57a2d4851a1d" relativeResultsDirectory="20ade526-011d-4109-8ee8-3ccd4ecd5e8c" />
    <UnitTestResult executionId="c4c74128-485d-4b2d-9269-29777ca6f87a" testId="bb5187bd-6a21-48cf-667f-b92685075182" testName="Create_ShouldReturnConflict_WhenNullReturned" computerName="SOLNB-1HX9F94" duration="00:00:00.0020065" startTime="2025-08-05T16:03:49.8577254+05:30" endTime="2025-08-05T16:03:49.8598757+05:30" testType="13cdc9d9-ddb5-4fa4-a97d-d965ccfc6d4b" outcome="Passed" testListId="8c84fa94-04c1-424b-9868-57a2d4851a1d" relativeResultsDirectory="c4c74128-485d-4b2d-9269-29777ca6f87a" />
    <UnitTestResult executionId="20fa4d56-4e9e-4e26-a947-5333f4130e06" testId="196c20b7-56f4-b772-b822-aae7ce399488" testName="GetByIdAsync_ShouldReturnUser_WhenUserExistsTrue" computerName="SOLNB-1HX9F94" duration="00:00:00.0061880" startTime="2025-08-05T16:03:49.1040596+05:30" endTime="2025-08-05T16:03:49.1103339+05:30" testType="13cdc9d9-ddb5-4fa4-a97d-d965ccfc6d4b" outcome="Passed" testListId="8c84fa94-04c1-424b-9868-57a2d4851a1d" relativeResultsDirectory="20fa4d56-4e9e-4e26-a947-5333f4130e06" />
    <UnitTestResult executionId="7ec14372-eefd-4c3c-9320-4ce05f78d3ee" testId="9a875d61-da3d-d643-b275-40ed1759ad08" testName="UpdateAsync_ShouldReturnNull_WhenVehicleNotFound" computerName="SOLNB-1HX9F94" duration="00:00:00.0004268" startTime="2025-08-05T16:03:49.7998543+05:30" endTime="2025-08-05T16:03:49.8003441+05:30" testType="13cdc9d9-ddb5-4fa4-a97d-d965ccfc6d4b" outcome="Passed" testListId="8c84fa94-04c1-424b-9868-57a2d4851a1d" relativeResultsDirectory="7ec14372-eefd-4c3c-9320-4ce05f78d3ee" />
    <UnitTestResult executionId="989fb78f-1d4e-4968-8696-8a743cd5a98a" testId="27edc73c-31e4-dc58-72ac-c1a58ff6810e" testName="GetByIdAsync_ShouldReturnNull_WhenNotFound" computerName="SOLNB-1HX9F94" duration="00:00:00.0015673" startTime="2025-08-05T16:03:49.8059888+05:30" endTime="2025-08-05T16:03:49.8076392+05:30" testType="13cdc9d9-ddb5-4fa4-a97d-d965ccfc6d4b" outcome="Passed" testListId="8c84fa94-04c1-424b-9868-57a2d4851a1d" relativeResultsDirectory="989fb78f-1d4e-4968-8696-8a743cd5a98a" />
    <UnitTestResult executionId="74e14681-28e5-41e6-b7b0-3c6f75d824c6" testId="de9867d7-66f6-816c-ec3b-88e9be438a7d" testName="Search_ShouldReturnOk_WhenValid" computerName="SOLNB-1HX9F94" duration="00:00:00.0017185" startTime="2025-08-05T16:03:49.8774454+05:30" endTime="2025-08-05T16:03:49.8792159+05:30" testType="13cdc9d9-ddb5-4fa4-a97d-d965ccfc6d4b" outcome="Passed" testListId="8c84fa94-04c1-424b-9868-57a2d4851a1d" relativeResultsDirectory="74e14681-28e5-41e6-b7b0-3c6f75d824c6" />
    <UnitTestResult executionId="abb9d055-0d7c-4bf7-b2fa-6fbe6fc1622a" testId="0b9443cd-95f4-6e2f-1b30-b3f63191f802" testName="Update_ReturnsNotFound_WhenVehicleMissing" computerName="SOLNB-1HX9F94" duration="00:00:00.0006191" startTime="2025-08-05T16:03:49.9157817+05:30" endTime="2025-08-05T16:03:49.9164671+05:30" testType="13cdc9d9-ddb5-4fa4-a97d-d965ccfc6d4b" outcome="Passed" testListId="8c84fa94-04c1-424b-9868-57a2d4851a1d" relativeResultsDirectory="abb9d055-0d7c-4bf7-b2fa-6fbe6fc1622a" />
    <UnitTestResult executionId="38c0363d-6e4a-457d-b7e1-54c094f968f6" testId="21c64dd5-30d4-136b-e765-dea9edc49094" testName="GetAll_ShouldReturnOkWithUsersTrue" computerName="SOLNB-1HX9F94" duration="00:00:00.0040573" startTime="2025-08-05T16:03:49.8796110+05:30" endTime="2025-08-05T16:03:49.8837611+05:30" testType="13cdc9d9-ddb5-4fa4-a97d-d965ccfc6d4b" outcome="Passed" testListId="8c84fa94-04c1-424b-9868-57a2d4851a1d" relativeResultsDirectory="38c0363d-6e4a-457d-b7e1-54c094f968f6" />
    <UnitTestResult executionId="02916028-d7a6-4917-a25a-9b1f22d201ad" testId="fe8c0d46-29ab-2ce6-1539-9971916e004d" testName="Create_ShouldReturn500_OnException" computerName="SOLNB-1HX9F94" duration="00:00:00.0007141" startTime="2025-08-05T16:03:49.8724722+05:30" endTime="2025-08-05T16:03:49.8732360+05:30" testType="13cdc9d9-ddb5-4fa4-a97d-d965ccfc6d4b" outcome="Passed" testListId="8c84fa94-04c1-424b-9868-57a2d4851a1d" relativeResultsDirectory="02916028-d7a6-4917-a25a-9b1f22d201ad" />
    <UnitTestResult executionId="10ba24cd-99cf-4aef-8c4b-6c132cea3c4c" testId="fe358b15-b7cc-2a44-b534-19a574d2a2f4" testName="DeleteAsync_ShouldReturnTrue_WhenVehicleExists" computerName="SOLNB-1HX9F94" duration="00:00:00.0011934" startTime="2025-08-05T16:03:49.7954771+05:30" endTime="2025-08-05T16:03:49.7967462+05:30" testType="13cdc9d9-ddb5-4fa4-a97d-d965ccfc6d4b" outcome="Passed" testListId="8c84fa94-04c1-424b-9868-57a2d4851a1d" relativeResultsDirectory="10ba24cd-99cf-4aef-8c4b-6c132cea3c4c" />
    <UnitTestResult executionId="1a7c438f-64d2-4609-a854-d7a3f3c94d3c" testId="dc766bfd-83f6-041b-ed51-e8f2826ec557" testName="GetAll_ShouldReturnOkWithUsersFalse" computerName="SOLNB-1HX9F94" duration="00:00:00.0010050" startTime="2025-08-05T16:03:49.8838006+05:30" endTime="2025-08-05T16:03:49.8848800+05:30" testType="13cdc9d9-ddb5-4fa4-a97d-d965ccfc6d4b" outcome="Passed" testListId="8c84fa94-04c1-424b-9868-57a2d4851a1d" relativeResultsDirectory="1a7c438f-64d2-4609-a854-d7a3f3c94d3c" />
    <UnitTestResult executionId="db5f5c1d-7e51-4ab4-ab01-4a72ea0be15a" testId="22ca1c0d-0ffe-9889-1ce2-50f61ae3c9b0" testName="Update_ShouldReturnOk_WhenSuccessful" computerName="SOLNB-1HX9F94" duration="00:00:00.0013898" startTime="2025-08-05T16:03:49.8599175+05:30" endTime="2025-08-05T16:03:49.8613816+05:30" testType="13cdc9d9-ddb5-4fa4-a97d-d965ccfc6d4b" outcome="Passed" testListId="8c84fa94-04c1-424b-9868-57a2d4851a1d" relativeResultsDirectory="db5f5c1d-7e51-4ab4-ab01-4a72ea0be15a" />
    <UnitTestResult executionId="e763db89-b892-4701-9bb6-560d47c66c2c" testId="c1da4256-33e0-e70f-62c9-09605a6579d7" testName="Update_ReturnsOk_WhenSuccessful" computerName="SOLNB-1HX9F94" duration="00:00:00.0013095" startTime="2025-08-05T16:03:49.9143700+05:30" endTime="2025-08-05T16:03:49.9157435+05:30" testType="13cdc9d9-ddb5-4fa4-a97d-d965ccfc6d4b" outcome="Passed" testListId="8c84fa94-04c1-424b-9868-57a2d4851a1d" relativeResultsDirectory="e763db89-b892-4701-9bb6-560d47c66c2c" />
    <UnitTestResult executionId="eddc2687-132a-41a6-a66a-c78469244b8f" testId="74fd81f8-c8a6-968e-9561-8ba77deb9b76" testName="UpdateAsync_UpdatesAndReturnsDto" computerName="SOLNB-1HX9F94" duration="00:00:00.0018709" startTime="2025-08-05T16:03:49.8372419+05:30" endTime="2025-08-05T16:03:49.8391626+05:30" testType="13cdc9d9-ddb5-4fa4-a97d-d965ccfc6d4b" outcome="Passed" testListId="8c84fa94-04c1-424b-9868-57a2d4851a1d" relativeResultsDirectory="eddc2687-132a-41a6-a66a-c78469244b8f" />
    <UnitTestResult executionId="19ce8dc2-ff4a-4fe0-a5d2-0e4ae6df8236" testId="c8f9674e-3b76-5474-da63-288c8c8609ce" testName="Delete_ShouldReturnNotFound_WhenNotFound" computerName="SOLNB-1HX9F94" duration="00:00:00.0004168" startTime="2025-08-05T16:03:49.8644620+05:30" endTime="2025-08-05T16:03:49.8649369+05:30" testType="13cdc9d9-ddb5-4fa4-a97d-d965ccfc6d4b" outcome="Passed" testListId="8c84fa94-04c1-424b-9868-57a2d4851a1d" relativeResultsDirectory="19ce8dc2-ff4a-4fe0-a5d2-0e4ae6df8236" />
    <UnitTestResult executionId="d9522e54-ef62-47cb-ba61-fa149fe2a0e2" testId="d1e154b9-9f9d-7751-9023-e5767229013a" testName="Create_ShouldReturnCreated_WhenSuccessful" computerName="SOLNB-1HX9F94" duration="00:00:00.0059262" startTime="2025-08-05T16:03:49.8515501+05:30" endTime="2025-08-05T16:03:49.8576312+05:30" testType="13cdc9d9-ddb5-4fa4-a97d-d965ccfc6d4b" outcome="Passed" testListId="8c84fa94-04c1-424b-9868-57a2d4851a1d" relativeResultsDirectory="d9522e54-ef62-47cb-ba61-fa149fe2a0e2" />
    <UnitTestResult executionId="a64de1d2-29ad-4769-8d60-ca2a10cf7d0c" testId="aa456fea-ede5-baef-c0fd-346de2041f2d" testName="Delete_ReturnsNotFound_WhenVehicleDoesNotExist" computerName="SOLNB-1HX9F94" duration="00:00:00.0003929" startTime="2025-08-05T16:03:49.9180905+05:30" endTime="2025-08-05T16:03:49.9194508+05:30" testType="13cdc9d9-ddb5-4fa4-a97d-d965ccfc6d4b" outcome="Passed" testListId="8c84fa94-04c1-424b-9868-57a2d4851a1d" relativeResultsDirectory="a64de1d2-29ad-4769-8d60-ca2a10cf7d0c" />
    <UnitTestResult executionId="dceee32d-ac9b-4d2f-b3af-b517e85aca96" testId="bb080c0e-ac9f-0924-9df6-8b2331f8bb5e" testName="UpdateAsync_ShouldReturnUpdatedUserFalsee" computerName="SOLNB-1HX9F94" duration="00:00:00.0013170" startTime="2025-08-05T16:03:49.7778829+05:30" endTime="2025-08-05T16:03:49.7796700+05:30" testType="13cdc9d9-ddb5-4fa4-a97d-d965ccfc6d4b" outcome="Passed" testListId="8c84fa94-04c1-424b-9868-57a2d4851a1d" relativeResultsDirectory="dceee32d-ac9b-4d2f-b3af-b517e85aca96" />
    <UnitTestResult executionId="835ed386-d364-4cdf-929b-09e7d696e786" testId="a13cb9fb-2890-c4cf-3793-b9d80bdb7b95" testName="LoginAsync_ShouldReturnUser_WhenValidCredentialsTrue" computerName="SOLNB-1HX9F94" duration="00:00:00.2664256" startTime="2025-08-05T16:03:49.4837058+05:30" endTime="2025-08-05T16:03:49.7503881+05:30" testType="13cdc9d9-ddb5-4fa4-a97d-d965ccfc6d4b" outcome="Passed" testListId="8c84fa94-04c1-424b-9868-57a2d4851a1d" relativeResultsDirectory="835ed386-d364-4cdf-929b-09e7d696e786" />
    <UnitTestResult executionId="a6639b1e-ec38-4666-ae14-3c24cd0f4975" testId="248a2433-3324-b841-92a5-d295227c7165" testName="GetByIdAsync_ShouldReturnNull_WhenVehicleDoesNotExist" computerName="SOLNB-1HX9F94" duration="00:00:00.0008665" startTime="2025-08-05T16:03:49.7846352+05:30" endTime="2025-08-05T16:03:49.7855653+05:30" testType="13cdc9d9-ddb5-4fa4-a97d-d965ccfc6d4b" outcome="Passed" testListId="8c84fa94-04c1-424b-9868-57a2d4851a1d" relativeResultsDirectory="a6639b1e-ec38-4666-ae14-3c24cd0f4975" />
    <UnitTestResult executionId="3a5d9dc6-3650-4975-a7ee-2ee78cab245c" testId="ce0d4c79-d2d4-e568-1744-5c547b467744" testName="CreateAsync_ShouldThrowException_WhenUserHasVehicle" computerName="SOLNB-1HX9F94" duration="00:00:00.0011499" startTime="2025-08-05T16:03:49.7930174+05:30" endTime="2025-08-05T16:03:49.7942567+05:30" testType="13cdc9d9-ddb5-4fa4-a97d-d965ccfc6d4b" outcome="Passed" testListId="8c84fa94-04c1-424b-9868-57a2d4851a1d" relativeResultsDirectory="3a5d9dc6-3650-4975-a7ee-2ee78cab245c" />
    <UnitTestResult executionId="90e64f03-42a3-43c0-8147-519a6fb4c3cd" testId="5bd0d352-4028-db06-b96a-90abde687c77" testName="CreateAsync_ShouldCreateAllocation_WhenValidData" computerName="SOLNB-1HX9F94" duration="00:00:00.0042658" startTime="2025-08-05T16:03:49.8096768+05:30" endTime="2025-08-05T16:03:49.8140114+05:30" testType="13cdc9d9-ddb5-4fa4-a97d-d965ccfc6d4b" outcome="Passed" testListId="8c84fa94-04c1-424b-9868-57a2d4851a1d" relativeResultsDirectory="90e64f03-42a3-43c0-8147-519a6fb4c3cd" />
    <UnitTestResult executionId="03da196e-9d70-4cb7-9201-bbd25f834154" testId="5d079f40-9a03-cd42-4326-1c1dbc7cddca" testName="Delete_ShouldReturnNotFound_WhenUserNotExist" computerName="SOLNB-1HX9F94" duration="00:00:00.0004370" startTime="2025-08-05T16:03:49.8930547+05:30" endTime="2025-08-05T16:03:49.8935476+05:30" testType="13cdc9d9-ddb5-4fa4-a97d-d965ccfc6d4b" outcome="Passed" testListId="8c84fa94-04c1-424b-9868-57a2d4851a1d" relativeResultsDirectory="03da196e-9d70-4cb7-9201-bbd25f834154" />
    <UnitTestResult executionId="a5018588-ddc7-48e7-aa10-9c1b336a3c70" testId="43e8a79f-f744-432b-89e4-f43b68755767" testName="Delete_ShouldReturnNoContent_WhenSuccessful" computerName="SOLNB-1HX9F94" duration="00:00:00.0009263" startTime="2025-08-05T16:03:49.8920442+05:30" endTime="2025-08-05T16:03:49.8930210+05:30" testType="13cdc9d9-ddb5-4fa4-a97d-d965ccfc6d4b" outcome="Passed" testListId="8c84fa94-04c1-424b-9868-57a2d4851a1d" relativeResultsDirectory="a5018588-ddc7-48e7-aa10-9c1b336a3c70" />
    <UnitTestResult executionId="1a536ded-542c-43e3-a236-a3610d72802c" testId="60ab43f4-d1d6-ef63-6b0a-a5e9a4ecfb47" testName="GetById_ReturnsNotFound_WhenVehicleDoesNotExist" computerName="SOLNB-1HX9F94" duration="00:00:00.0011446" startTime="2025-08-05T16:03:49.9084002+05:30" endTime="2025-08-05T16:03:49.9096508+05:30" testType="13cdc9d9-ddb5-4fa4-a97d-d965ccfc6d4b" outcome="Passed" testListId="8c84fa94-04c1-424b-9868-57a2d4851a1d" relativeResultsDirectory="1a536ded-542c-43e3-a236-a3610d72802c" />
    <UnitTestResult executionId="16218c44-499e-445a-bc98-a1287623a2f4" testId="43774e13-61b2-7dd9-cdb4-f09dd1d991be" testName="GetAllAsync_ShouldReturnMappedDtos_WithIsOccupiedSetCorrectly" computerName="SOLNB-1HX9F94" duration="00:00:00.0087381" startTime="2025-08-05T16:03:49.8214265+05:30" endTime="2025-08-05T16:03:49.8302816+05:30" testType="13cdc9d9-ddb5-4fa4-a97d-d965ccfc6d4b" outcome="Passed" testListId="8c84fa94-04c1-424b-9868-57a2d4851a1d" relativeResultsDirectory="16218c44-499e-445a-bc98-a1287623a2f4" />
    <UnitTestResult executionId="954e0865-1b73-4979-b8e4-2dc2bab5edd5" testId="af62867a-a9d0-90ee-9a01-bb57c2748870" testName="DeleteAsync_ShouldReturnFalse_WhenVehicleNotFound" computerName="SOLNB-1HX9F94" duration="00:00:00.0004385" startTime="2025-08-05T16:03:49.7967767+05:30" endTime="2025-08-05T16:03:49.7972703+05:30" testType="13cdc9d9-ddb5-4fa4-a97d-d965ccfc6d4b" outcome="Passed" testListId="8c84fa94-04c1-424b-9868-57a2d4851a1d" relativeResultsDirectory="954e0865-1b73-4979-b8e4-2dc2bab5edd5" />
    <UnitTestResult executionId="7ea1aad0-33f0-400e-9f99-ff1d291ec93b" testId="2ffc4119-2491-37b0-45ee-aa576d53095e" testName="GetAll_ShouldReturnOkWithData" computerName="SOLNB-1HX9F94" duration="00:00:00.0056234" startTime="2025-08-05T16:03:49.8409542+05:30" endTime="2025-08-05T16:03:49.8466813+05:30" testType="13cdc9d9-ddb5-4fa4-a97d-d965ccfc6d4b" outcome="Passed" testListId="8c84fa94-04c1-424b-9868-57a2d4851a1d" relativeResultsDirectory="7ea1aad0-33f0-400e-9f99-ff1d291ec93b" />
    <UnitTestResult executionId="60753716-72a8-49bd-bcef-a8c1434b64e3" testId="1761e82a-6c5c-f18a-db28-cf2b6ec869e7" testName="DeleteAsync_ShouldReturnTrue_WhenUserIsDeletedFalse" computerName="SOLNB-1HX9F94" duration="00:00:00.0007524" startTime="2025-08-05T16:03:49.7750036+05:30" endTime="2025-08-05T16:03:49.7758930+05:30" testType="13cdc9d9-ddb5-4fa4-a97d-d965ccfc6d4b" outcome="Passed" testListId="8c84fa94-04c1-424b-9868-57a2d4851a1d" relativeResultsDirectory="60753716-72a8-49bd-bcef-a8c1434b64e3" />
    <UnitTestResult executionId="1f9e52bf-70de-4a62-aa75-c6cb7371187d" testId="4d7d8266-59c1-d2c3-ae66-ad8c4104f569" testName="Delete_ShouldReturnNoContent_WhenDeleted" computerName="SOLNB-1HX9F94" duration="00:00:00.0009269" startTime="2025-08-05T16:03:49.8759884+05:30" endTime="2025-08-05T16:03:49.8769696+05:30" testType="13cdc9d9-ddb5-4fa4-a97d-d965ccfc6d4b" outcome="Passed" testListId="8c84fa94-04c1-424b-9868-57a2d4851a1d" relativeResultsDirectory="1f9e52bf-70de-4a62-aa75-c6cb7371187d" />
    <UnitTestResult executionId="bba3b697-541f-405a-980d-d74dfdfb0603" testId="6bd6d10a-fd16-00dc-2b8b-068bb459c5ba" testName="UpdateAsync_ShouldReturnFalse_WhenEntityDoesNotExist" computerName="SOLNB-1HX9F94" duration="00:00:00.0005329" startTime="2025-08-05T16:03:49.8208046+05:30" endTime="2025-08-05T16:03:49.8213940+05:30" testType="13cdc9d9-ddb5-4fa4-a97d-d965ccfc6d4b" outcome="Passed" testListId="8c84fa94-04c1-424b-9868-57a2d4851a1d" relativeResultsDirectory="bba3b697-541f-405a-980d-d74dfdfb0603" />
    <UnitTestResult executionId="3d2ed0e8-8335-42c9-a8d6-249e4927eb73" testId="ccab388f-826e-ed05-54fd-db2dda24a00e" testName="Update_ShouldReturnConflict_WhenNull" computerName="SOLNB-1HX9F94" duration="00:00:00.0007725" startTime="2025-08-05T16:03:49.8622098+05:30" endTime="2025-08-05T16:03:49.8630514+05:30" testType="13cdc9d9-ddb5-4fa4-a97d-d965ccfc6d4b" outcome="Passed" testListId="8c84fa94-04c1-424b-9868-57a2d4851a1d" relativeResultsDirectory="3d2ed0e8-8335-42c9-a8d6-249e4927eb73" />
    <UnitTestResult executionId="cd77af27-bbea-45b0-b477-47eb3ba65024" testId="e263794e-79bf-60ce-7ee9-23cc78ebf5bc" testName="GetAll_ThrowsException_Returns500" computerName="SOLNB-1HX9F94" duration="00:00:00.0016342" startTime="2025-08-05T16:03:49.9040399+05:30" endTime="2025-08-05T16:03:49.9058135+05:30" testType="13cdc9d9-ddb5-4fa4-a97d-d965ccfc6d4b" outcome="Passed" testListId="8c84fa94-04c1-424b-9868-57a2d4851a1d" relativeResultsDirectory="cd77af27-bbea-45b0-b477-47eb3ba65024" />
    <UnitTestResult executionId="4aa96f25-d98c-4d15-a3b8-ed1b2cc55210" testId="00537472-3619-116a-3f34-3333ad460a38" testName="UpdateAsync_ShouldReturnUpdatedVehicle_WhenValid" computerName="SOLNB-1HX9F94" duration="00:00:00.0023933" startTime="2025-08-05T16:03:49.7972996+05:30" endTime="2025-08-05T16:03:49.7997523+05:30" testType="13cdc9d9-ddb5-4fa4-a97d-d965ccfc6d4b" outcome="Passed" testListId="8c84fa94-04c1-424b-9868-57a2d4851a1d" relativeResultsDirectory="4aa96f25-d98c-4d15-a3b8-ed1b2cc55210" />
    <UnitTestResult executionId="9e91463c-80e1-4b12-a3c7-adb5e339de7f" testId="1d421169-d582-d033-d8f4-66d68254d506" testName="GetByUserId_ReturnsVehicles" computerName="SOLNB-1HX9F94" duration="00:00:00.0017781" startTime="2025-08-05T16:03:49.9097098+05:30" endTime="2025-08-05T16:03:49.9115923+05:30" testType="13cdc9d9-ddb5-4fa4-a97d-d965ccfc6d4b" outcome="Passed" testListId="8c84fa94-04c1-424b-9868-57a2d4851a1d" relativeResultsDirectory="9e91463c-80e1-4b12-a3c7-adb5e339de7f" />
    <UnitTestResult executionId="9f61ef10-c061-4b49-b00b-548aae7baac0" testId="e71e6cc3-eb72-a390-e058-a9dce30b9d62" testName="GetByUserIdAsync_ShouldReturnVehicles_WhenUserHasVehicles" computerName="SOLNB-1HX9F94" duration="00:00:00.0024836" startTime="2025-08-05T16:03:49.7856029+05:30" endTime="2025-08-05T16:03:49.7881517+05:30" testType="13cdc9d9-ddb5-4fa4-a97d-d965ccfc6d4b" outcome="Passed" testListId="8c84fa94-04c1-424b-9868-57a2d4851a1d" relativeResultsDirectory="9f61ef10-c061-4b49-b00b-548aae7baac0" />
    <UnitTestResult executionId="8ec001fb-3e4d-410c-bdb2-7ce95fee6edb" testId="a3ec6e65-e399-e464-74f5-ba11f372873d" testName="GetById_ShouldReturnOk_WhenFound" computerName="SOLNB-1HX9F94" duration="00:00:00.0014486" startTime="2025-08-05T16:03:49.8467162+05:30" endTime="2025-08-05T16:03:49.8482463+05:30" testType="13cdc9d9-ddb5-4fa4-a97d-d965ccfc6d4b" outcome="Passed" testListId="8c84fa94-04c1-424b-9868-57a2d4851a1d" relativeResultsDirectory="8ec001fb-3e4d-410c-bdb2-7ce95fee6edb" />
    <UnitTestResult executionId="4693c5c8-876b-434e-b170-0fe5058a2e7b" testId="7294b325-eb4d-77de-ece2-ca032192cf9c" testName="Register_ShouldReturnBadRequest_WhenEmailExists" computerName="SOLNB-1HX9F94" duration="00:00:00.0007884" startTime="2025-08-05T16:03:49.8870956+05:30" endTime="2025-08-05T16:03:49.8879462+05:30" testType="13cdc9d9-ddb5-4fa4-a97d-d965ccfc6d4b" outcome="Passed" testListId="8c84fa94-04c1-424b-9868-57a2d4851a1d" relativeResultsDirectory="4693c5c8-876b-434e-b170-0fe5058a2e7b" />
    <UnitTestResult executionId="1c6f78e4-56e8-454a-ab87-37bdc9c05e45" testId="531c724b-f4fe-c4ff-bd15-04e1b9c3dae3" testName="GetById_ShouldReturnNotFound_WhenMissing" computerName="SOLNB-1HX9F94" duration="00:00:00.0004702" startTime="2025-08-05T16:03:49.8706873+05:30" endTime="2025-08-05T16:03:49.8712105+05:30" testType="13cdc9d9-ddb5-4fa4-a97d-d965ccfc6d4b" outcome="Passed" testListId="8c84fa94-04c1-424b-9868-57a2d4851a1d" relativeResultsDirectory="1c6f78e4-56e8-454a-ab87-37bdc9c05e45" />
    <UnitTestResult executionId="cda6b561-bf29-4e74-a39e-bc2d0c3b06ff" testId="7e9fee74-970a-c2d8-5615-5d0b2543ada7" testName="GetAllAsync_ShouldReturnUsers_WhenUsersExistTrue" computerName="SOLNB-1HX9F94" duration="00:00:00.0770119" startTime="2025-08-05T16:03:48.9994308+05:30" endTime="2025-08-05T16:03:49.0985692+05:30" testType="13cdc9d9-ddb5-4fa4-a97d-d965ccfc6d4b" outcome="Passed" testListId="8c84fa94-04c1-424b-9868-57a2d4851a1d" relativeResultsDirectory="cda6b561-bf29-4e74-a39e-bc2d0c3b06ff" />
    <UnitTestResult executionId="f81893dc-e576-4ffa-9eda-e0cca967a478" testId="227eda6d-825e-d38a-7263-44dad81e6b1b" testName="Register_ShouldReturnBadRequest_WhenMobileNumberExists" computerName="SOLNB-1HX9F94" duration="00:00:00.0007415" startTime="2025-08-05T16:03:49.8879724+05:30" endTime="2025-08-05T16:03:49.8887674+05:30" testType="13cdc9d9-ddb5-4fa4-a97d-d965ccfc6d4b" outcome="Passed" testListId="8c84fa94-04c1-424b-9868-57a2d4851a1d" relativeResultsDirectory="f81893dc-e576-4ffa-9eda-e0cca967a478" />
    <UnitTestResult executionId="c18f843e-4cb9-4c89-9b12-47922d6aae1f" testId="ddfa01f6-eca9-9657-1039-d9a40e70ca15" testName="Update_ShouldReturnOk_WhenSuccess" computerName="SOLNB-1HX9F94" duration="00:00:00.0011904" startTime="2025-08-05T16:03:49.8739073+05:30" endTime="2025-08-05T16:03:49.8751628+05:30" testType="13cdc9d9-ddb5-4fa4-a97d-d965ccfc6d4b" outcome="Passed" testListId="8c84fa94-04c1-424b-9868-57a2d4851a1d" relativeResultsDirectory="c18f843e-4cb9-4c89-9b12-47922d6aae1f" />
    <UnitTestResult executionId="ce5f7c81-20d2-479c-a175-f6d647cd5c38" testId="d422f7fa-a359-2d23-decf-f62398b71304" testName="Update_ShouldReturnNotFound_WhenUserDoesNotExist" computerName="SOLNB-1HX9F94" duration="00:00:00.0008122" startTime="2025-08-05T16:03:49.8950620+05:30" endTime="2025-08-05T16:03:49.8959280+05:30" testType="13cdc9d9-ddb5-4fa4-a97d-d965ccfc6d4b" outcome="Passed" testListId="8c84fa94-04c1-424b-9868-57a2d4851a1d" relativeResultsDirectory="ce5f7c81-20d2-479c-a175-f6d647cd5c38" />
    <UnitTestResult executionId="0c222a19-a245-4d8e-8b7e-ba847db800f2" testId="9bf74a8d-d87c-c166-c79d-9527e40e5e1c" testName="RegisterAsync_ShouldReturnCreatedUserFalse" computerName="SOLNB-1HX9F94" duration="00:00:00.1372079" startTime="2025-08-05T16:03:49.3460573+05:30" endTime="2025-08-05T16:03:49.4834819+05:30" testType="13cdc9d9-ddb5-4fa4-a97d-d965ccfc6d4b" outcome="Passed" testListId="8c84fa94-04c1-424b-9868-57a2d4851a1d" relativeResultsDirectory="0c222a19-a245-4d8e-8b7e-ba847db800f2" />
  </Results>
  <TestDefinitions>
    <UnitTest name="Update_ShouldReturnConflict_WhenNull" storage="c:\users\naga.kiran\source\soleraproject\backendprojecttests\bin\debug\net8.0\backendprojecttests.dll" id="ccab388f-826e-ed05-54fd-db2dda24a00e">
      <Execution id="3d2ed0e8-8335-42c9-a8d6-249e4927eb73" />
      <TestMethod codeBase="C:\Users\naga.kiran\source\SoleraProject\BackendProjectTests\bin\debug\net8.0\BackendProjectTests.dll" adapterTypeName="executor://mstestadapter/v2" className="BackendProject.Controllers.Tests.ParkingAllocationsControllerTests" name="Update_ShouldReturnConflict_WhenNull" />
    </UnitTest>
    <UnitTest name="Update_ShouldReturnOk_WhenSuccess" storage="c:\users\naga.kiran\source\soleraproject\backendprojecttests\bin\debug\net8.0\backendprojecttests.dll" id="ddfa01f6-eca9-9657-1039-d9a40e70ca15">
      <Execution id="c18f843e-4cb9-4c89-9b12-47922d6aae1f" />
      <TestMethod codeBase="C:\Users\naga.kiran\source\SoleraProject\BackendProjectTests\bin\debug\net8.0\BackendProjectTests.dll" adapterTypeName="executor://mstestadapter/v2" className="BackendProject.Controllers.Tests.ParkingLotsControllerTests" name="Update_ShouldReturnOk_WhenSuccess" />
    </UnitTest>
    <UnitTest name="Update_ShouldReturnOk_WhenSuccessful" storage="c:\users\naga.kiran\source\soleraproject\backendprojecttests\bin\debug\net8.0\backendprojecttests.dll" id="22ca1c0d-0ffe-9889-1ce2-50f61ae3c9b0">
      <Execution id="db5f5c1d-7e51-4ab4-ab01-4a72ea0be15a" />
      <TestMethod codeBase="C:\Users\naga.kiran\source\SoleraProject\BackendProjectTests\bin\debug\net8.0\BackendProjectTests.dll" adapterTypeName="executor://mstestadapter/v2" className="BackendProject.Controllers.Tests.ParkingAllocationsControllerTests" name="Update_ShouldReturnOk_WhenSuccessful" />
    </UnitTest>
    <UnitTest name="UpdateAsync_ShouldReturnNull_WhenVehicleNotFound" storage="c:\users\naga.kiran\source\soleraproject\backendprojecttests\bin\debug\net8.0\backendprojecttests.dll" id="9a875d61-da3d-d643-b275-40ed1759ad08">
      <Execution id="7ec14372-eefd-4c3c-9320-4ce05f78d3ee" />
      <TestMethod codeBase="C:\Users\naga.kiran\source\SoleraProject\BackendProjectTests\bin\debug\net8.0\BackendProjectTests.dll" adapterTypeName="executor://mstestadapter/v2" className="BackendProjectTests.Service.Implementation.VehicleServiceTests" name="UpdateAsync_ShouldReturnNull_WhenVehicleNotFound" />
    </UnitTest>
    <UnitTest name="DeleteAsync_DeletesAndReturnsTrue" storage="c:\users\naga.kiran\source\soleraproject\backendprojecttests\bin\debug\net8.0\backendprojecttests.dll" id="3e45a5c8-7e10-fc13-be20-aa11ae138f44">
      <Execution id="b45f7207-9005-49c3-b524-b2f087a887bf" />
      <TestMethod codeBase="C:\Users\naga.kiran\source\SoleraProject\BackendProjectTests\bin\debug\net8.0\BackendProjectTests.dll" adapterTypeName="executor://mstestadapter/v2" className="BackendProject.Service.Implementation.Tests.ParkingLotServiceTests" name="DeleteAsync_DeletesAndReturnsTrue" />
    </UnitTest>
    <UnitTest name="GetById_ReturnsNotFound_WhenVehicleDoesNotExist" storage="c:\users\naga.kiran\source\soleraproject\backendprojecttests\bin\debug\net8.0\backendprojecttests.dll" id="60ab43f4-d1d6-ef63-6b0a-a5e9a4ecfb47">
      <Execution id="1a536ded-542c-43e3-a236-a3610d72802c" />
      <TestMethod codeBase="C:\Users\naga.kiran\source\SoleraProject\BackendProjectTests\bin\debug\net8.0\BackendProjectTests.dll" adapterTypeName="executor://mstestadapter/v2" className="BackendProject.Controllers.Tests.VehiclesControllerTests" name="GetById_ReturnsNotFound_WhenVehicleDoesNotExist" />
    </UnitTest>
    <UnitTest name="GetAll_ShouldReturnOkWithUsersTrue" storage="c:\users\naga.kiran\source\soleraproject\backendprojecttests\bin\debug\net8.0\backendprojecttests.dll" id="21c64dd5-30d4-136b-e765-dea9edc49094">
      <Execution id="38c0363d-6e4a-457d-b7e1-54c094f968f6" />
      <TestMethod codeBase="C:\Users\naga.kiran\source\SoleraProject\BackendProjectTests\bin\debug\net8.0\BackendProjectTests.dll" adapterTypeName="executor://mstestadapter/v2" className="BackendProject.Controllers.Tests.UsersControllerTests" name="GetAll_ShouldReturnOkWithUsersTrue" />
    </UnitTest>
    <UnitTest name="Search_ShouldReturnBadRequest_WhenInvalidDates" storage="c:\users\naga.kiran\source\soleraproject\backendprojecttests\bin\debug\net8.0\backendprojecttests.dll" id="d14355f8-f074-a30e-854f-16f5aa3d3252">
      <Execution id="b7260301-a9ea-4663-9f80-c398d5e74816" />
      <TestMethod codeBase="C:\Users\naga.kiran\source\SoleraProject\BackendProjectTests\bin\debug\net8.0\BackendProjectTests.dll" adapterTypeName="executor://mstestadapter/v2" className="BackendProject.Controllers.Tests.ParkingLotsControllerTests" name="Search_ShouldReturnBadRequest_WhenInvalidDates" />
    </UnitTest>
    <UnitTest name="Delete_ReturnsNotFound_WhenVehicleDoesNotExist" storage="c:\users\naga.kiran\source\soleraproject\backendprojecttests\bin\debug\net8.0\backendprojecttests.dll" id="aa456fea-ede5-baef-c0fd-346de2041f2d">
      <Execution id="a64de1d2-29ad-4769-8d60-ca2a10cf7d0c" />
      <TestMethod codeBase="C:\Users\naga.kiran\source\SoleraProject\BackendProjectTests\bin\debug\net8.0\BackendProjectTests.dll" adapterTypeName="executor://mstestadapter/v2" className="BackendProject.Controllers.Tests.VehiclesControllerTests" name="Delete_ReturnsNotFound_WhenVehicleDoesNotExist" />
    </UnitTest>
    <UnitTest name="GetById_ShouldReturnNotFound_WhenMissing" storage="c:\users\naga.kiran\source\soleraproject\backendprojecttests\bin\debug\net8.0\backendprojecttests.dll" id="531c724b-f4fe-c4ff-bd15-04e1b9c3dae3">
      <Execution id="1c6f78e4-56e8-454a-ab87-37bdc9c05e45" />
      <TestMethod codeBase="C:\Users\naga.kiran\source\SoleraProject\BackendProjectTests\bin\debug\net8.0\BackendProjectTests.dll" adapterTypeName="executor://mstestadapter/v2" className="BackendProject.Controllers.Tests.ParkingLotsControllerTests" name="GetById_ShouldReturnNotFound_WhenMissing" />
    </UnitTest>
    <UnitTest name="Register_ShouldReturnBadRequest_WhenMobileNumberExists" storage="c:\users\naga.kiran\source\soleraproject\backendprojecttests\bin\debug\net8.0\backendprojecttests.dll" id="227eda6d-825e-d38a-7263-44dad81e6b1b">
      <Execution id="f81893dc-e576-4ffa-9eda-e0cca967a478" />
      <TestMethod codeBase="C:\Users\naga.kiran\source\SoleraProject\BackendProjectTests\bin\debug\net8.0\BackendProjectTests.dll" adapterTypeName="executor://mstestadapter/v2" className="BackendProject.Controllers.Tests.UsersControllerTests" name="Register_ShouldReturnBadRequest_WhenMobileNumberExists" />
    </UnitTest>
    <UnitTest name="GetByIdAsync_ShouldReturnUser_WhenUserExistsTrue" storage="c:\users\naga.kiran\source\soleraproject\backendprojecttests\bin\debug\net8.0\backendprojecttests.dll" id="196c20b7-56f4-b772-b822-aae7ce399488">
      <Execution id="20fa4d56-4e9e-4e26-a947-5333f4130e06" />
      <TestMethod codeBase="C:\Users\naga.kiran\source\SoleraProject\BackendProjectTests\bin\debug\net8.0\BackendProjectTests.dll" adapterTypeName="executor://mstestadapter/v2" className="BackendProjectTests.Service.Implementation.UserServiceTests" name="GetByIdAsync_ShouldReturnUser_WhenUserExistsTrue" />
    </UnitTest>
    <UnitTest name="GetAll_ThrowsException_Returns500" storage="c:\users\naga.kiran\source\soleraproject\backendprojecttests\bin\debug\net8.0\backendprojecttests.dll" id="e263794e-79bf-60ce-7ee9-23cc78ebf5bc">
      <Execution id="cd77af27-bbea-45b0-b477-47eb3ba65024" />
      <TestMethod codeBase="C:\Users\naga.kiran\source\SoleraProject\BackendProjectTests\bin\debug\net8.0\BackendProjectTests.dll" adapterTypeName="executor://mstestadapter/v2" className="BackendProject.Controllers.Tests.VehiclesControllerTests" name="GetAll_ThrowsException_Returns500" />
    </UnitTest>
    <UnitTest name="GetByUserIdAsync_ShouldReturnVehicles_WhenUserHasVehicles" storage="c:\users\naga.kiran\source\soleraproject\backendprojecttests\bin\debug\net8.0\backendprojecttests.dll" id="e71e6cc3-eb72-a390-e058-a9dce30b9d62">
      <Execution id="9f61ef10-c061-4b49-b00b-548aae7baac0" />
      <TestMethod codeBase="C:\Users\naga.kiran\source\SoleraProject\BackendProjectTests\bin\debug\net8.0\BackendProjectTests.dll" adapterTypeName="executor://mstestadapter/v2" className="BackendProjectTests.Service.Implementation.VehicleServiceTests" name="GetByUserIdAsync_ShouldReturnVehicles_WhenUserHasVehicles" />
    </UnitTest>
    <UnitTest name="GetByIdAsync_ShouldReturnVehicle_WhenVehicleExists" storage="c:\users\naga.kiran\source\soleraproject\backendprojecttests\bin\debug\net8.0\backendprojecttests.dll" id="3014884c-cb7b-7f9e-db43-60d68e3b7245">
      <Execution id="1c1fd1a3-d8c5-469e-9229-b74696c7c262" />
      <TestMethod codeBase="C:\Users\naga.kiran\source\SoleraProject\BackendProjectTests\bin\debug\net8.0\BackendProjectTests.dll" adapterTypeName="executor://mstestadapter/v2" className="BackendProjectTests.Service.Implementation.VehicleServiceTests" name="GetByIdAsync_ShouldReturnVehicle_WhenVehicleExists" />
    </UnitTest>
    <UnitTest name="GetById_ShouldReturnOk_WhenFound" storage="c:\users\naga.kiran\source\soleraproject\backendprojecttests\bin\debug\net8.0\backendprojecttests.dll" id="31da5096-1153-8a09-5cb3-d129776621f6">
      <Execution id="46f99bbc-f407-43ef-92b8-f1af7d4d8807" />
      <TestMethod codeBase="C:\Users\naga.kiran\source\SoleraProject\BackendProjectTests\bin\debug\net8.0\BackendProjectTests.dll" adapterTypeName="executor://mstestadapter/v2" className="BackendProject.Controllers.Tests.ParkingLotsControllerTests" name="GetById_ShouldReturnOk_WhenFound" />
    </UnitTest>
    <UnitTest name="GetAllAsync_ShouldReturnUsers_WhenUsersExistTrue" storage="c:\users\naga.kiran\source\soleraproject\backendprojecttests\bin\debug\net8.0\backendprojecttests.dll" id="7e9fee74-970a-c2d8-5615-5d0b2543ada7">
      <Execution id="cda6b561-bf29-4e74-a39e-bc2d0c3b06ff" />
      <TestMethod codeBase="C:\Users\naga.kiran\source\SoleraProject\BackendProjectTests\bin\debug\net8.0\BackendProjectTests.dll" adapterTypeName="executor://mstestadapter/v2" className="BackendProjectTests.Service.Implementation.UserServiceTests" name="GetAllAsync_ShouldReturnUsers_WhenUsersExistTrue" />
    </UnitTest>
    <UnitTest name="GetByUserId_ReturnsVehicles" storage="c:\users\naga.kiran\source\soleraproject\backendprojecttests\bin\debug\net8.0\backendprojecttests.dll" id="1d421169-d582-d033-d8f4-66d68254d506">
      <Execution id="9e91463c-80e1-4b12-a3c7-adb5e339de7f" />
      <TestMethod codeBase="C:\Users\naga.kiran\source\SoleraProject\BackendProjectTests\bin\debug\net8.0\BackendProjectTests.dll" adapterTypeName="executor://mstestadapter/v2" className="BackendProject.Controllers.Tests.VehiclesControllerTests" name="GetByUserId_ReturnsVehicles" />
    </UnitTest>
    <UnitTest name="GetAll_ReturnsOk_WithVehicleList" storage="c:\users\naga.kiran\source\soleraproject\backendprojecttests\bin\debug\net8.0\backendprojecttests.dll" id="e4275c15-7221-7555-2e0e-dc88261c14c8">
      <Execution id="536944b3-190e-47a1-8504-4c0f51f4c463" />
      <TestMethod codeBase="C:\Users\naga.kiran\source\SoleraProject\BackendProjectTests\bin\debug\net8.0\BackendProjectTests.dll" adapterTypeName="executor://mstestadapter/v2" className="BackendProject.Controllers.Tests.VehiclesControllerTests" name="GetAll_ReturnsOk_WithVehicleList" />
    </UnitTest>
    <UnitTest name="GetById_ShouldReturnNotFound_WhenNotFound" storage="c:\users\naga.kiran\source\soleraproject\backendprojecttests\bin\debug\net8.0\backendprojecttests.dll" id="c5f8635f-3f82-bb08-bf64-c0a5cd7e1502">
      <Execution id="3b09c66d-6496-47c8-9519-149d099ab1ac" />
      <TestMethod codeBase="C:\Users\naga.kiran\source\SoleraProject\BackendProjectTests\bin\debug\net8.0\BackendProjectTests.dll" adapterTypeName="executor://mstestadapter/v2" className="BackendProject.Controllers.Tests.ParkingAllocationsControllerTests" name="GetById_ShouldReturnNotFound_WhenNotFound" />
    </UnitTest>
    <UnitTest name="UpdateAsync_ShouldReturnUpdatedUserTrue" storage="c:\users\naga.kiran\source\soleraproject\backendprojecttests\bin\debug\net8.0\backendprojecttests.dll" id="a2919b9b-9615-7cb0-5cc2-25169af24724">
      <Execution id="9bb60d29-683f-4025-8e03-3b8261650083" />
      <TestMethod codeBase="C:\Users\naga.kiran\source\SoleraProject\BackendProjectTests\bin\debug\net8.0\BackendProjectTests.dll" adapterTypeName="executor://mstestadapter/v2" className="BackendProjectTests.Service.Implementation.UserServiceTests" name="UpdateAsync_ShouldReturnUpdatedUserTrue" />
    </UnitTest>
    <UnitTest name="CreateAsync_ShouldThrowException_WhenRepositoryFails" storage="c:\users\naga.kiran\source\soleraproject\backendprojecttests\bin\debug\net8.0\backendprojecttests.dll" id="79f1df1b-99f8-41bb-14c7-4e6d3cd79359">
      <Execution id="7e9c92bf-d37e-47ad-bdaa-5341d68867c8" />
      <TestMethod codeBase="C:\Users\naga.kiran\source\SoleraProject\BackendProjectTests\bin\debug\net8.0\BackendProjectTests.dll" adapterTypeName="executor://mstestadapter/v2" className="BackendProject.Service.Implementation.Tests.ParkingAllocationServiceTests" name="CreateAsync_ShouldThrowException_WhenRepositoryFails" />
    </UnitTest>
    <UnitTest name="RegisterAsync_ShouldReturnCreatedUserFalse" storage="c:\users\naga.kiran\source\soleraproject\backendprojecttests\bin\debug\net8.0\backendprojecttests.dll" id="9bf74a8d-d87c-c166-c79d-9527e40e5e1c">
      <Execution id="0c222a19-a245-4d8e-8b7e-ba847db800f2" />
      <TestMethod codeBase="C:\Users\naga.kiran\source\SoleraProject\BackendProjectTests\bin\debug\net8.0\BackendProjectTests.dll" adapterTypeName="executor://mstestadapter/v2" className="BackendProjectTests.Service.Implementation.UserServiceTests" name="RegisterAsync_ShouldReturnCreatedUserFalse" />
    </UnitTest>
    <UnitTest name="UpdateAsync_ShouldReturnFalse_WhenEntityDoesNotExist" storage="c:\users\naga.kiran\source\soleraproject\backendprojecttests\bin\debug\net8.0\backendprojecttests.dll" id="6bd6d10a-fd16-00dc-2b8b-068bb459c5ba">
      <Execution id="bba3b697-541f-405a-980d-d74dfdfb0603" />
      <TestMethod codeBase="C:\Users\naga.kiran\source\SoleraProject\BackendProjectTests\bin\debug\net8.0\BackendProjectTests.dll" adapterTypeName="executor://mstestadapter/v2" className="BackendProject.Service.Implementation.Tests.ParkingAllocationServiceTests" name="UpdateAsync_ShouldReturnFalse_WhenEntityDoesNotExist" />
    </UnitTest>
    <UnitTest name="RegisterAsync_ShouldReturnCreatedUserTrue" storage="c:\users\naga.kiran\source\soleraproject\backendprojecttests\bin\debug\net8.0\backendprojecttests.dll" id="6b635aa3-bec2-5035-fab8-faf002bd3c5b">
      <Execution id="b421450d-4198-466c-b1f5-86e272c5d833" />
      <TestMethod codeBase="C:\Users\naga.kiran\source\SoleraProject\BackendProjectTests\bin\debug\net8.0\BackendProjectTests.dll" adapterTypeName="executor://mstestadapter/v2" className="BackendProjectTests.Service.Implementation.UserServiceTests" name="RegisterAsync_ShouldReturnCreatedUserTrue" />
    </UnitTest>
    <UnitTest name="GetAll_ShouldReturnOkWithUsersFalse" storage="c:\users\naga.kiran\source\soleraproject\backendprojecttests\bin\debug\net8.0\backendprojecttests.dll" id="dc766bfd-83f6-041b-ed51-e8f2826ec557">
      <Execution id="1a7c438f-64d2-4609-a854-d7a3f3c94d3c" />
      <TestMethod codeBase="C:\Users\naga.kiran\source\SoleraProject\BackendProjectTests\bin\debug\net8.0\BackendProjectTests.dll" adapterTypeName="executor://mstestadapter/v2" className="BackendProject.Controllers.Tests.UsersControllerTests" name="GetAll_ShouldReturnOkWithUsersFalse" />
    </UnitTest>
    <UnitTest name="Search_ReturnsMatchingVehicles" storage="c:\users\naga.kiran\source\soleraproject\backendprojecttests\bin\debug\net8.0\backendprojecttests.dll" id="d274b92b-c261-c981-fd9b-7dd043ffe3de">
      <Execution id="2206cfd6-311d-434b-8c6b-ad00017f92f6" />
      <TestMethod codeBase="C:\Users\naga.kiran\source\SoleraProject\BackendProjectTests\bin\debug\net8.0\BackendProjectTests.dll" adapterTypeName="executor://mstestadapter/v2" className="BackendProject.Controllers.Tests.VehiclesControllerTests" name="Search_ReturnsMatchingVehicles" />
    </UnitTest>
    <UnitTest name="CreateAsync_ShouldThrowException_WhenUserHasVehicle" storage="c:\users\naga.kiran\source\soleraproject\backendprojecttests\bin\debug\net8.0\backendprojecttests.dll" id="ce0d4c79-d2d4-e568-1744-5c547b467744">
      <Execution id="3a5d9dc6-3650-4975-a7ee-2ee78cab245c" />
      <TestMethod codeBase="C:\Users\naga.kiran\source\SoleraProject\BackendProjectTests\bin\debug\net8.0\BackendProjectTests.dll" adapterTypeName="executor://mstestadapter/v2" className="BackendProjectTests.Service.Implementation.VehicleServiceTests" name="CreateAsync_ShouldThrowException_WhenUserHasVehicle" />
    </UnitTest>
    <UnitTest name="CreateAsync_ShouldAddAndReturnCreatedDto" storage="c:\users\naga.kiran\source\soleraproject\backendprojecttests\bin\debug\net8.0\backendprojecttests.dll" id="117f34a4-11ac-b1e0-ab4d-607741e8731e">
      <Execution id="47200016-0ecc-49b7-ad6e-b3f15393b3c3" />
      <TestMethod codeBase="C:\Users\naga.kiran\source\SoleraProject\BackendProjectTests\bin\debug\net8.0\BackendProjectTests.dll" adapterTypeName="executor://mstestadapter/v2" className="BackendProject.Service.Implementation.Tests.ParkingLotServiceTests" name="CreateAsync_ShouldAddAndReturnCreatedDto" />
    </UnitTest>
    <UnitTest name="GetAllAsync_ShouldReturnMappedAllocations" storage="c:\users\naga.kiran\source\soleraproject\backendprojecttests\bin\debug\net8.0\backendprojecttests.dll" id="63c774fd-51b1-09e9-cda7-d1d1fc7d1c8c">
      <Execution id="b51aaec8-f76f-48c7-8118-cc71228a6ba3" />
      <TestMethod codeBase="C:\Users\naga.kiran\source\SoleraProject\BackendProjectTests\bin\debug\net8.0\BackendProjectTests.dll" adapterTypeName="executor://mstestadapter/v2" className="BackendProject.Service.Implementation.Tests.ParkingAllocationServiceTests" name="GetAllAsync_ShouldReturnMappedAllocations" />
    </UnitTest>
    <UnitTest name="Update_ShouldReturnNotFound_WhenUserDoesNotExist" storage="c:\users\naga.kiran\source\soleraproject\backendprojecttests\bin\debug\net8.0\backendprojecttests.dll" id="d422f7fa-a359-2d23-decf-f62398b71304">
      <Execution id="ce5f7c81-20d2-479c-a175-f6d647cd5c38" />
      <TestMethod codeBase="C:\Users\naga.kiran\source\SoleraProject\BackendProjectTests\bin\debug\net8.0\BackendProjectTests.dll" adapterTypeName="executor://mstestadapter/v2" className="BackendProject.Controllers.Tests.UsersControllerTests" name="Update_ShouldReturnNotFound_WhenUserDoesNotExist" />
    </UnitTest>
    <UnitTest name="CreateAsync_ShouldReturnVehicle_WhenValid" storage="c:\users\naga.kiran\source\soleraproject\backendprojecttests\bin\debug\net8.0\backendprojecttests.dll" id="456c9a65-f9f0-cbcf-6516-e95bbf598c0f">
      <Execution id="9df7b33b-6b50-4e6d-9e76-37e90cf008cf" />
      <TestMethod codeBase="C:\Users\naga.kiran\source\SoleraProject\BackendProjectTests\bin\debug\net8.0\BackendProjectTests.dll" adapterTypeName="executor://mstestadapter/v2" className="BackendProjectTests.Service.Implementation.VehicleServiceTests" name="CreateAsync_ShouldReturnVehicle_WhenValid" />
    </UnitTest>
    <UnitTest name="GetAllAsync_ShouldReturnUsers_WhenUsersExistFalse" storage="c:\users\naga.kiran\source\soleraproject\backendprojecttests\bin\debug\net8.0\backendprojecttests.dll" id="4dd0c9cd-6285-7618-5898-0aa207652629">
      <Execution id="a0809f7b-53ff-457f-a45b-f3664e27d00e" />
      <TestMethod codeBase="C:\Users\naga.kiran\source\SoleraProject\BackendProjectTests\bin\debug\net8.0\BackendProjectTests.dll" adapterTypeName="executor://mstestadapter/v2" className="BackendProjectTests.Service.Implementation.UserServiceTests" name="GetAllAsync_ShouldReturnUsers_WhenUsersExistFalse" />
    </UnitTest>
    <UnitTest name="Delete_ShouldReturnNoContent_WhenSuccessful" storage="c:\users\naga.kiran\source\soleraproject\backendprojecttests\bin\debug\net8.0\backendprojecttests.dll" id="43e8a79f-f744-432b-89e4-f43b68755767">
      <Execution id="a5018588-ddc7-48e7-aa10-9c1b336a3c70" />
      <TestMethod codeBase="C:\Users\naga.kiran\source\SoleraProject\BackendProjectTests\bin\debug\net8.0\BackendProjectTests.dll" adapterTypeName="executor://mstestadapter/v2" className="BackendProject.Controllers.Tests.UsersControllerTests" name="Delete_ShouldReturnNoContent_WhenSuccessful" />
    </UnitTest>
    <UnitTest name="DeleteAsync_ShouldReturnFalse_WhenEntityDoesNotExist" storage="c:\users\naga.kiran\source\soleraproject\backendprojecttests\bin\debug\net8.0\backendprojecttests.dll" id="9a8a651e-ab5b-c4f6-01b0-32269ed030ea">
      <Execution id="b2c9509e-9a40-4fa6-bc81-2f9522f90989" />
      <TestMethod codeBase="C:\Users\naga.kiran\source\SoleraProject\BackendProjectTests\bin\debug\net8.0\BackendProjectTests.dll" adapterTypeName="executor://mstestadapter/v2" className="BackendProject.Service.Implementation.Tests.ParkingAllocationServiceTests" name="DeleteAsync_ShouldReturnFalse_WhenEntityDoesNotExist" />
    </UnitTest>
    <UnitTest name="CreateAsync_ShouldCreateAllocation_WhenValidData" storage="c:\users\naga.kiran\source\soleraproject\backendprojecttests\bin\debug\net8.0\backendprojecttests.dll" id="5bd0d352-4028-db06-b96a-90abde687c77">
      <Execution id="90e64f03-42a3-43c0-8147-519a6fb4c3cd" />
      <TestMethod codeBase="C:\Users\naga.kiran\source\SoleraProject\BackendProjectTests\bin\debug\net8.0\BackendProjectTests.dll" adapterTypeName="executor://mstestadapter/v2" className="BackendProject.Service.Implementation.Tests.ParkingAllocationServiceTests" name="CreateAsync_ShouldCreateAllocation_WhenValidData" />
    </UnitTest>
    <UnitTest name="Create_ShouldReturnCreated_WhenSuccess" storage="c:\users\naga.kiran\source\soleraproject\backendprojecttests\bin\debug\net8.0\backendprojecttests.dll" id="1f3dc559-d888-f056-7513-00084deb3366">
      <Execution id="5cc2a1cb-4513-4f89-a721-a4788975ccf6" />
      <TestMethod codeBase="C:\Users\naga.kiran\source\SoleraProject\BackendProjectTests\bin\debug\net8.0\BackendProjectTests.dll" adapterTypeName="executor://mstestadapter/v2" className="BackendProject.Controllers.Tests.ParkingLotsControllerTests" name="Create_ShouldReturnCreated_WhenSuccess" />
    </UnitTest>
    <UnitTest name="UpdateAsync_ShouldReturnUpdatedVehicle_WhenValid" storage="c:\users\naga.kiran\source\soleraproject\backendprojecttests\bin\debug\net8.0\backendprojecttests.dll" id="00537472-3619-116a-3f34-3333ad460a38">
      <Execution id="4aa96f25-d98c-4d15-a3b8-ed1b2cc55210" />
      <TestMethod codeBase="C:\Users\naga.kiran\source\SoleraProject\BackendProjectTests\bin\debug\net8.0\BackendProjectTests.dll" adapterTypeName="executor://mstestadapter/v2" className="BackendProjectTests.Service.Implementation.VehicleServiceTests" name="UpdateAsync_ShouldReturnUpdatedVehicle_WhenValid" />
    </UnitTest>
    <UnitTest name="GetByIdAsync_ShouldReturnNull_WhenNotFound" storage="c:\users\naga.kiran\source\soleraproject\backendprojecttests\bin\debug\net8.0\backendprojecttests.dll" id="27edc73c-31e4-dc58-72ac-c1a58ff6810e">
      <Execution id="989fb78f-1d4e-4968-8696-8a743cd5a98a" />
      <TestMethod codeBase="C:\Users\naga.kiran\source\SoleraProject\BackendProjectTests\bin\debug\net8.0\BackendProjectTests.dll" adapterTypeName="executor://mstestadapter/v2" className="BackendProject.Service.Implementation.Tests.ParkingAllocationServiceTests" name="GetByIdAsync_ShouldReturnNull_WhenNotFound" />
    </UnitTest>
    <UnitTest name="UpdateAsync_ShouldReturnUpdatedUserFalsee" storage="c:\users\naga.kiran\source\soleraproject\backendprojecttests\bin\debug\net8.0\backendprojecttests.dll" id="bb080c0e-ac9f-0924-9df6-8b2331f8bb5e">
      <Execution id="dceee32d-ac9b-4d2f-b3af-b517e85aca96" />
      <TestMethod codeBase="C:\Users\naga.kiran\source\SoleraProject\BackendProjectTests\bin\debug\net8.0\BackendProjectTests.dll" adapterTypeName="executor://mstestadapter/v2" className="BackendProjectTests.Service.Implementation.UserServiceTests" name="UpdateAsync_ShouldReturnUpdatedUserFalsee" />
    </UnitTest>
    <UnitTest name="GetById_ReturnsOk_WhenVehicleExists" storage="c:\users\naga.kiran\source\soleraproject\backendprojecttests\bin\debug\net8.0\backendprojecttests.dll" id="aa98d86b-b840-a1e7-2124-dd9ee61f971f">
      <Execution id="0015e22b-9745-4b5c-9013-1c52b16c1b0b" />
      <TestMethod codeBase="C:\Users\naga.kiran\source\SoleraProject\BackendProjectTests\bin\debug\net8.0\BackendProjectTests.dll" adapterTypeName="executor://mstestadapter/v2" className="BackendProject.Controllers.Tests.VehiclesControllerTests" name="GetById_ReturnsOk_WhenVehicleExists" />
    </UnitTest>
    <UnitTest name="DeleteAsync_ShouldReturnTrue_WhenUserIsDeletedTrue" storage="c:\users\naga.kiran\source\soleraproject\backendprojecttests\bin\debug\net8.0\backendprojecttests.dll" id="ddeb16d0-a821-1046-3b6e-42a05925eea1">
      <Execution id="c4fecbc6-6413-4ae7-af45-905d410edacc" />
      <TestMethod codeBase="C:\Users\naga.kiran\source\SoleraProject\BackendProjectTests\bin\debug\net8.0\BackendProjectTests.dll" adapterTypeName="executor://mstestadapter/v2" className="BackendProjectTests.Service.Implementation.UserServiceTests" name="DeleteAsync_ShouldReturnTrue_WhenUserIsDeletedTrue" />
    </UnitTest>
    <UnitTest name="DeleteAsync_ReturnsFalse_WhenNotFound" storage="c:\users\naga.kiran\source\soleraproject\backendprojecttests\bin\debug\net8.0\backendprojecttests.dll" id="45d38f21-20e6-fa81-7f1c-8e447ff2789b">
      <Execution id="074474ce-4fe7-4426-a4ce-93d23db8c12f" />
      <TestMethod codeBase="C:\Users\naga.kiran\source\SoleraProject\BackendProjectTests\bin\debug\net8.0\BackendProjectTests.dll" adapterTypeName="executor://mstestadapter/v2" className="BackendProject.Service.Implementation.Tests.ParkingLotServiceTests" name="DeleteAsync_ReturnsFalse_WhenNotFound" />
    </UnitTest>
    <UnitTest name="Delete_ShouldReturnNotFound_WhenNotFound" storage="c:\users\naga.kiran\source\soleraproject\backendprojecttests\bin\debug\net8.0\backendprojecttests.dll" id="c8f9674e-3b76-5474-da63-288c8c8609ce">
      <Execution id="19ce8dc2-ff4a-4fe0-a5d2-0e4ae6df8236" />
      <TestMethod codeBase="C:\Users\naga.kiran\source\SoleraProject\BackendProjectTests\bin\debug\net8.0\BackendProjectTests.dll" adapterTypeName="executor://mstestadapter/v2" className="BackendProject.Controllers.Tests.ParkingAllocationsControllerTests" name="Delete_ShouldReturnNotFound_WhenNotFound" />
    </UnitTest>
    <UnitTest name="LoginAsync_ShouldReturnUser_WhenValidCredentialsFalse" storage="c:\users\naga.kiran\source\soleraproject\backendprojecttests\bin\debug\net8.0\backendprojecttests.dll" id="7774c4e5-537c-ff8d-9d56-8a5d3e627df5">
      <Execution id="d31740fa-2e91-4706-8202-bee160396356" />
      <TestMethod codeBase="C:\Users\naga.kiran\source\SoleraProject\BackendProjectTests\bin\debug\net8.0\BackendProjectTests.dll" adapterTypeName="executor://mstestadapter/v2" className="BackendProjectTests.Service.Implementation.UserServiceTests" name="LoginAsync_ShouldReturnUser_WhenValidCredentialsFalse" />
    </UnitTest>
    <UnitTest name="GetByIdAsync_ShouldReturnMappedDto_WhenLotExists" storage="c:\users\naga.kiran\source\soleraproject\backendprojecttests\bin\debug\net8.0\backendprojecttests.dll" id="73eb45f5-f88a-3bad-82bc-2e8e7aee5924">
      <Execution id="18cb4df9-6378-4f88-a660-83d600230a62" />
      <TestMethod codeBase="C:\Users\naga.kiran\source\SoleraProject\BackendProjectTests\bin\debug\net8.0\BackendProjectTests.dll" adapterTypeName="executor://mstestadapter/v2" className="BackendProject.Service.Implementation.Tests.ParkingLotServiceTests" name="GetByIdAsync_ShouldReturnMappedDto_WhenLotExists" />
    </UnitTest>
    <UnitTest name="UpdateAsync_ReturnsNull_WhenNotFound" storage="c:\users\naga.kiran\source\soleraproject\backendprojecttests\bin\debug\net8.0\backendprojecttests.dll" id="3928d88e-0f0e-0b2d-cd78-756310749bb4">
      <Execution id="3568cbdf-b10a-4423-b320-4f4ac8df2011" />
      <TestMethod codeBase="C:\Users\naga.kiran\source\SoleraProject\BackendProjectTests\bin\debug\net8.0\BackendProjectTests.dll" adapterTypeName="executor://mstestadapter/v2" className="BackendProject.Service.Implementation.Tests.ParkingLotServiceTests" name="UpdateAsync_ReturnsNull_WhenNotFound" />
    </UnitTest>
    <UnitTest name="LoginAsync_ShouldReturnUser_WhenValidCredentialsTrue" storage="c:\users\naga.kiran\source\soleraproject\backendprojecttests\bin\debug\net8.0\backendprojecttests.dll" id="a13cb9fb-2890-c4cf-3793-b9d80bdb7b95">
      <Execution id="835ed386-d364-4cdf-929b-09e7d696e786" />
      <TestMethod codeBase="C:\Users\naga.kiran\source\SoleraProject\BackendProjectTests\bin\debug\net8.0\BackendProjectTests.dll" adapterTypeName="executor://mstestadapter/v2" className="BackendProjectTests.Service.Implementation.UserServiceTests" name="LoginAsync_ShouldReturnUser_WhenValidCredentialsTrue" />
    </UnitTest>
    <UnitTest name="Login_ShouldReturnUnauthorized_WhenInvalid" storage="c:\users\naga.kiran\source\soleraproject\backendprojecttests\bin\debug\net8.0\backendprojecttests.dll" id="343f5695-023c-9961-af4f-e1f4153e9db1">
      <Execution id="055aead2-5ada-4544-9f41-af2a5c07d694" />
      <TestMethod codeBase="C:\Users\naga.kiran\source\SoleraProject\BackendProjectTests\bin\debug\net8.0\BackendProjectTests.dll" adapterTypeName="executor://mstestadapter/v2" className="BackendProject.Controllers.Tests.UsersControllerTests" name="Login_ShouldReturnUnauthorized_WhenInvalid" />
    </UnitTest>
    <UnitTest name="DeleteAsync_ShouldReturnTrue_WhenSuccessful" storage="c:\users\naga.kiran\source\soleraproject\backendprojecttests\bin\debug\net8.0\backendprojecttests.dll" id="c0009152-5d85-b475-a959-c4980d501eb8">
      <Execution id="79f21d2f-7d5d-4795-a8fb-50475725826a" />
      <TestMethod codeBase="C:\Users\naga.kiran\source\SoleraProject\BackendProjectTests\bin\debug\net8.0\BackendProjectTests.dll" adapterTypeName="executor://mstestadapter/v2" className="BackendProject.Service.Implementation.Tests.ParkingLotServiceTests" name="DeleteAsync_ShouldReturnTrue_WhenSuccessful" />
    </UnitTest>
    <UnitTest name="Create_ShouldReturn500_OnException" storage="c:\users\naga.kiran\source\soleraproject\backendprojecttests\bin\debug\net8.0\backendprojecttests.dll" id="fe8c0d46-29ab-2ce6-1539-9971916e004d">
      <Execution id="02916028-d7a6-4917-a25a-9b1f22d201ad" />
      <TestMethod codeBase="C:\Users\naga.kiran\source\SoleraProject\BackendProjectTests\bin\debug\net8.0\BackendProjectTests.dll" adapterTypeName="executor://mstestadapter/v2" className="BackendProject.Controllers.Tests.ParkingLotsControllerTests" name="Create_ShouldReturn500_OnException" />
    </UnitTest>
    <UnitTest name="DeleteAsync_ShouldReturnTrue_WhenVehicleExists" storage="c:\users\naga.kiran\source\soleraproject\backendprojecttests\bin\debug\net8.0\backendprojecttests.dll" id="fe358b15-b7cc-2a44-b534-19a574d2a2f4">
      <Execution id="10ba24cd-99cf-4aef-8c4b-6c132cea3c4c" />
      <TestMethod codeBase="C:\Users\naga.kiran\source\SoleraProject\BackendProjectTests\bin\debug\net8.0\BackendProjectTests.dll" adapterTypeName="executor://mstestadapter/v2" className="BackendProjectTests.Service.Implementation.VehicleServiceTests" name="DeleteAsync_ShouldReturnTrue_WhenVehicleExists" />
    </UnitTest>
    <UnitTest name="Delete_ShouldReturnNoContent_WhenSuccessful" storage="c:\users\naga.kiran\source\soleraproject\backendprojecttests\bin\debug\net8.0\backendprojecttests.dll" id="7bdbc46c-04fd-1dd1-e11e-17429e52cb37">
      <Execution id="f4e0a984-be75-42ed-995c-c5e0a7d82f7b" />
      <TestMethod codeBase="C:\Users\naga.kiran\source\SoleraProject\BackendProjectTests\bin\debug\net8.0\BackendProjectTests.dll" adapterTypeName="executor://mstestadapter/v2" className="BackendProject.Controllers.Tests.ParkingAllocationsControllerTests" name="Delete_ShouldReturnNoContent_WhenSuccessful" />
    </UnitTest>
    <UnitTest name="Delete_ShouldReturnNotFound_WhenUserNotExist" storage="c:\users\naga.kiran\source\soleraproject\backendprojecttests\bin\debug\net8.0\backendprojecttests.dll" id="5d079f40-9a03-cd42-4326-1c1dbc7cddca">
      <Execution id="03da196e-9d70-4cb7-9201-bbd25f834154" />
      <TestMethod codeBase="C:\Users\naga.kiran\source\SoleraProject\BackendProjectTests\bin\debug\net8.0\BackendProjectTests.dll" adapterTypeName="executor://mstestadapter/v2" className="BackendProject.Controllers.Tests.UsersControllerTests" name="Delete_ShouldReturnNotFound_WhenUserNotExist" />
    </UnitTest>
    <UnitTest name="Create_ShouldReturnConflict_WhenNullReturned" storage="c:\users\naga.kiran\source\soleraproject\backendprojecttests\bin\debug\net8.0\backendprojecttests.dll" id="bb5187bd-6a21-48cf-667f-b92685075182">
      <Execution id="c4c74128-485d-4b2d-9269-29777ca6f87a" />
      <TestMethod codeBase="C:\Users\naga.kiran\source\SoleraProject\BackendProjectTests\bin\debug\net8.0\BackendProjectTests.dll" adapterTypeName="executor://mstestadapter/v2" className="BackendProject.Controllers.Tests.ParkingAllocationsControllerTests" name="Create_ShouldReturnConflict_WhenNullReturned" />
    </UnitTest>
    <UnitTest name="GetAll_ShouldReturnOkWithData" storage="c:\users\naga.kiran\source\soleraproject\backendprojecttests\bin\debug\net8.0\backendprojecttests.dll" id="2ffc4119-2491-37b0-45ee-aa576d53095e">
      <Execution id="7ea1aad0-33f0-400e-9f99-ff1d291ec93b" />
      <TestMethod codeBase="C:\Users\naga.kiran\source\SoleraProject\BackendProjectTests\bin\debug\net8.0\BackendProjectTests.dll" adapterTypeName="executor://mstestadapter/v2" className="BackendProject.Controllers.Tests.ParkingAllocationsControllerTests" name="GetAll_ShouldReturnOkWithData" />
    </UnitTest>
    <UnitTest name="GetByIdAsync_ShouldReturnUser_WhenUserExistsFalse" storage="c:\users\naga.kiran\source\soleraproject\backendprojecttests\bin\debug\net8.0\backendprojecttests.dll" id="258d1529-a56c-338b-5610-ab15bb9ffdfd">
      <Execution id="d4fe3050-82ad-43cc-aa12-c0ca6a7c93c0" />
      <TestMethod codeBase="C:\Users\naga.kiran\source\SoleraProject\BackendProjectTests\bin\debug\net8.0\BackendProjectTests.dll" adapterTypeName="executor://mstestadapter/v2" className="BackendProjectTests.Service.Implementation.UserServiceTests" name="GetByIdAsync_ShouldReturnUser_WhenUserExistsFalse" />
    </UnitTest>
    <UnitTest name="Login_ShouldReturnToken_WhenValidCredentials" storage="c:\users\naga.kiran\source\soleraproject\backendprojecttests\bin\debug\net8.0\backendprojecttests.dll" id="1d8b2e12-83f8-a6d8-f5b3-f1ffd899e534">
      <Execution id="239ad12d-8c4a-40cd-a7ea-0283712569de" />
      <TestMethod codeBase="C:\Users\naga.kiran\source\SoleraProject\BackendProjectTests\bin\debug\net8.0\BackendProjectTests.dll" adapterTypeName="executor://mstestadapter/v2" className="BackendProject.Controllers.Tests.UsersControllerTests" name="Login_ShouldReturnToken_WhenValidCredentials" />
    </UnitTest>
    <UnitTest name="GetAll_ShouldReturn500_OnException" storage="c:\users\naga.kiran\source\soleraproject\backendprojecttests\bin\debug\net8.0\backendprojecttests.dll" id="2aee4878-5c77-3c47-7469-839f2c1db038">
      <Execution id="7a5e5fb2-f06c-4521-a8c6-6013e9179cfb" />
      <TestMethod codeBase="C:\Users\naga.kiran\source\SoleraProject\BackendProjectTests\bin\debug\net8.0\BackendProjectTests.dll" adapterTypeName="executor://mstestadapter/v2" className="BackendProject.Controllers.Tests.ParkingLotsControllerTests" name="GetAll_ShouldReturn500_OnException" />
    </UnitTest>
    <UnitTest name="Update_ReturnsOk_WhenSuccessful" storage="c:\users\naga.kiran\source\soleraproject\backendprojecttests\bin\debug\net8.0\backendprojecttests.dll" id="c1da4256-33e0-e70f-62c9-09605a6579d7">
      <Execution id="e763db89-b892-4701-9bb6-560d47c66c2c" />
      <TestMethod codeBase="C:\Users\naga.kiran\source\SoleraProject\BackendProjectTests\bin\debug\net8.0\BackendProjectTests.dll" adapterTypeName="executor://mstestadapter/v2" className="BackendProject.Controllers.Tests.VehiclesControllerTests" name="Update_ReturnsOk_WhenSuccessful" />
    </UnitTest>
    <UnitTest name="GetByIdAsync_ShouldReturnNull_WhenVehicleDoesNotExist" storage="c:\users\naga.kiran\source\soleraproject\backendprojecttests\bin\debug\net8.0\backendprojecttests.dll" id="248a2433-3324-b841-92a5-d295227c7165">
      <Execution id="a6639b1e-ec38-4666-ae14-3c24cd0f4975" />
      <TestMethod codeBase="C:\Users\naga.kiran\source\SoleraProject\BackendProjectTests\bin\debug\net8.0\BackendProjectTests.dll" adapterTypeName="executor://mstestadapter/v2" className="BackendProjectTests.Service.Implementation.VehicleServiceTests" name="GetByIdAsync_ShouldReturnNull_WhenVehicleDoesNotExist" />
    </UnitTest>
    <UnitTest name="Create_ShouldReturnCreated_WhenSuccessful" storage="c:\users\naga.kiran\source\soleraproject\backendprojecttests\bin\debug\net8.0\backendprojecttests.dll" id="d1e154b9-9f9d-7751-9023-e5767229013a">
      <Execution id="d9522e54-ef62-47cb-ba61-fa149fe2a0e2" />
      <TestMethod codeBase="C:\Users\naga.kiran\source\SoleraProject\BackendProjectTests\bin\debug\net8.0\BackendProjectTests.dll" adapterTypeName="executor://mstestadapter/v2" className="BackendProject.Controllers.Tests.ParkingAllocationsControllerTests" name="Create_ShouldReturnCreated_WhenSuccessful" />
    </UnitTest>
    <UnitTest name="Update_ReturnsNotFound_WhenVehicleMissing" storage="c:\users\naga.kiran\source\soleraproject\backendprojecttests\bin\debug\net8.0\backendprojecttests.dll" id="0b9443cd-95f4-6e2f-1b30-b3f63191f802">
      <Execution id="abb9d055-0d7c-4bf7-b2fa-6fbe6fc1622a" />
      <TestMethod codeBase="C:\Users\naga.kiran\source\SoleraProject\BackendProjectTests\bin\debug\net8.0\BackendProjectTests.dll" adapterTypeName="executor://mstestadapter/v2" className="BackendProject.Controllers.Tests.VehiclesControllerTests" name="Update_ReturnsNotFound_WhenVehicleMissing" />
    </UnitTest>
    <UnitTest name="Register_ShouldReturnBadRequest_WhenEmailExists" storage="c:\users\naga.kiran\source\soleraproject\backendprojecttests\bin\debug\net8.0\backendprojecttests.dll" id="7294b325-eb4d-77de-ece2-ca032192cf9c">
      <Execution id="4693c5c8-876b-434e-b170-0fe5058a2e7b" />
      <TestMethod codeBase="C:\Users\naga.kiran\source\SoleraProject\BackendProjectTests\bin\debug\net8.0\BackendProjectTests.dll" adapterTypeName="executor://mstestadapter/v2" className="BackendProject.Controllers.Tests.UsersControllerTests" name="Register_ShouldReturnBadRequest_WhenEmailExists" />
    </UnitTest>
    <UnitTest name="UpdateAsync_UpdatesAndReturnsDto" storage="c:\users\naga.kiran\source\soleraproject\backendprojecttests\bin\debug\net8.0\backendprojecttests.dll" id="74fd81f8-c8a6-968e-9561-8ba77deb9b76">
      <Execution id="eddc2687-132a-41a6-a66a-c78469244b8f" />
      <TestMethod codeBase="C:\Users\naga.kiran\source\SoleraProject\BackendProjectTests\bin\debug\net8.0\BackendProjectTests.dll" adapterTypeName="executor://mstestadapter/v2" className="BackendProject.Service.Implementation.Tests.ParkingLotServiceTests" name="UpdateAsync_UpdatesAndReturnsDto" />
    </UnitTest>
    <UnitTest name="Delete_ReturnsNoContent_WhenDeleted" storage="c:\users\naga.kiran\source\soleraproject\backendprojecttests\bin\debug\net8.0\backendprojecttests.dll" id="02e81839-7c12-edfb-4c02-0ab0c912d49e">
      <Execution id="a35aea19-2385-4e53-a1eb-418c5a950b1e" />
      <TestMethod codeBase="C:\Users\naga.kiran\source\SoleraProject\BackendProjectTests\bin\debug\net8.0\BackendProjectTests.dll" adapterTypeName="executor://mstestadapter/v2" className="BackendProject.Controllers.Tests.VehiclesControllerTests" name="Delete_ReturnsNoContent_WhenDeleted" />
    </UnitTest>
    <UnitTest name="Search_ShouldReturnOk_WhenValid" storage="c:\users\naga.kiran\source\soleraproject\backendprojecttests\bin\debug\net8.0\backendprojecttests.dll" id="de9867d7-66f6-816c-ec3b-88e9be438a7d">
      <Execution id="74e14681-28e5-41e6-b7b0-3c6f75d824c6" />
      <TestMethod codeBase="C:\Users\naga.kiran\source\SoleraProject\BackendProjectTests\bin\debug\net8.0\BackendProjectTests.dll" adapterTypeName="executor://mstestadapter/v2" className="BackendProject.Controllers.Tests.ParkingLotsControllerTests" name="Search_ShouldReturnOk_WhenValid" />
    </UnitTest>
    <UnitTest name="GetByVehicleId_ShouldReturnOkWithData" storage="c:\users\naga.kiran\source\soleraproject\backendprojecttests\bin\debug\net8.0\backendprojecttests.dll" id="9e3db448-0162-4616-558b-43031bd5c23e">
      <Execution id="26f600b3-3f54-4f0f-b893-3f0c8d717fc7" />
      <TestMethod codeBase="C:\Users\naga.kiran\source\SoleraProject\BackendProjectTests\bin\debug\net8.0\BackendProjectTests.dll" adapterTypeName="executor://mstestadapter/v2" className="BackendProject.Controllers.Tests.ParkingAllocationsControllerTests" name="GetByVehicleId_ShouldReturnOkWithData" />
    </UnitTest>
    <UnitTest name="Update_ShouldReturnOk_WhenSuccessful" storage="c:\users\naga.kiran\source\soleraproject\backendprojecttests\bin\debug\net8.0\backendprojecttests.dll" id="d9f31a27-989c-3017-9467-feec03588e0e">
      <Execution id="20ade526-011d-4109-8ee8-3ccd4ecd5e8c" />
      <TestMethod codeBase="C:\Users\naga.kiran\source\SoleraProject\BackendProjectTests\bin\debug\net8.0\BackendProjectTests.dll" adapterTypeName="executor://mstestadapter/v2" className="BackendProject.Controllers.Tests.UsersControllerTests" name="Update_ShouldReturnOk_WhenSuccessful" />
    </UnitTest>
    <UnitTest name="Update_ShouldReturnNotFound_WhenMissing" storage="c:\users\naga.kiran\source\soleraproject\backendprojecttests\bin\debug\net8.0\backendprojecttests.dll" id="e0aede23-3949-7013-599b-9cc9564cf804">
      <Execution id="d4735d8b-4796-4211-9402-7cd3e8ec23b3" />
      <TestMethod codeBase="C:\Users\naga.kiran\source\SoleraProject\BackendProjectTests\bin\debug\net8.0\BackendProjectTests.dll" adapterTypeName="executor://mstestadapter/v2" className="BackendProject.Controllers.Tests.ParkingLotsControllerTests" name="Update_ShouldReturnNotFound_WhenMissing" />
    </UnitTest>
    <UnitTest name="UpdateAsync_ShouldReturnTrue_WhenEntityExists" storage="c:\users\naga.kiran\source\soleraproject\backendprojecttests\bin\debug\net8.0\backendprojecttests.dll" id="5448e05d-c875-bf44-114a-fd9619369e1d">
      <Execution id="e3b95487-60fc-489d-be0c-69d0f6ae17af" />
      <TestMethod codeBase="C:\Users\naga.kiran\source\SoleraProject\BackendProjectTests\bin\debug\net8.0\BackendProjectTests.dll" adapterTypeName="executor://mstestadapter/v2" className="BackendProject.Service.Implementation.Tests.ParkingAllocationServiceTests" name="UpdateAsync_ShouldReturnTrue_WhenEntityExists" />
    </UnitTest>
    <UnitTest name="GetAllAsync_ShouldReturnMappedDtos_WithIsOccupiedSetCorrectly" storage="c:\users\naga.kiran\source\soleraproject\backendprojecttests\bin\debug\net8.0\backendprojecttests.dll" id="43774e13-61b2-7dd9-cdb4-f09dd1d991be">
      <Execution id="16218c44-499e-445a-bc98-a1287623a2f4" />
      <TestMethod codeBase="C:\Users\naga.kiran\source\SoleraProject\BackendProjectTests\bin\debug\net8.0\BackendProjectTests.dll" adapterTypeName="executor://mstestadapter/v2" className="BackendProject.Service.Implementation.Tests.ParkingLotServiceTests" name="GetAllAsync_ShouldReturnMappedDtos_WithIsOccupiedSetCorrectly" />
    </UnitTest>
    <UnitTest name="Delete_ShouldReturnNoContent_WhenDeleted" storage="c:\users\naga.kiran\source\soleraproject\backendprojecttests\bin\debug\net8.0\backendprojecttests.dll" id="4d7d8266-59c1-d2c3-ae66-ad8c4104f569">
      <Execution id="1f9e52bf-70de-4a62-aa75-c6cb7371187d" />
      <TestMethod codeBase="C:\Users\naga.kiran\source\SoleraProject\BackendProjectTests\bin\debug\net8.0\BackendProjectTests.dll" adapterTypeName="executor://mstestadapter/v2" className="BackendProject.Controllers.Tests.ParkingLotsControllerTests" name="Delete_ShouldReturnNoContent_WhenDeleted" />
    </UnitTest>
    <UnitTest name="DeleteAsync_ShouldReturnTrue_WhenUserIsDeletedFalse" storage="c:\users\naga.kiran\source\soleraproject\backendprojecttests\bin\debug\net8.0\backendprojecttests.dll" id="1761e82a-6c5c-f18a-db28-cf2b6ec869e7">
      <Execution id="60753716-72a8-49bd-bcef-a8c1434b64e3" />
      <TestMethod codeBase="C:\Users\naga.kiran\source\SoleraProject\BackendProjectTests\bin\debug\net8.0\BackendProjectTests.dll" adapterTypeName="executor://mstestadapter/v2" className="BackendProjectTests.Service.Implementation.UserServiceTests" name="DeleteAsync_ShouldReturnTrue_WhenUserIsDeletedFalse" />
    </UnitTest>
    <UnitTest name="GetById_ShouldReturnOk_WhenFound" storage="c:\users\naga.kiran\source\soleraproject\backendprojecttests\bin\debug\net8.0\backendprojecttests.dll" id="a3ec6e65-e399-e464-74f5-ba11f372873d">
      <Execution id="8ec001fb-3e4d-410c-bdb2-7ce95fee6edb" />
      <TestMethod codeBase="C:\Users\naga.kiran\source\SoleraProject\BackendProjectTests\bin\debug\net8.0\BackendProjectTests.dll" adapterTypeName="executor://mstestadapter/v2" className="BackendProject.Controllers.Tests.ParkingAllocationsControllerTests" name="GetById_ShouldReturnOk_WhenFound" />
    </UnitTest>
    <UnitTest name="GetAll_ShouldReturnOk_WithParkingLots" storage="c:\users\naga.kiran\source\soleraproject\backendprojecttests\bin\debug\net8.0\backendprojecttests.dll" id="dcad01f7-2ff1-46be-5014-80da8c37fab5">
      <Execution id="bd1a7754-db1e-4abb-a690-54a1956e8542" />
      <TestMethod codeBase="C:\Users\naga.kiran\source\SoleraProject\BackendProjectTests\bin\debug\net8.0\BackendProjectTests.dll" adapterTypeName="executor://mstestadapter/v2" className="BackendProject.Controllers.Tests.ParkingLotsControllerTests" name="GetAll_ShouldReturnOk_WithParkingLots" />
    </UnitTest>
    <UnitTest name="DeleteAsync_ShouldReturnTrue_WhenEntityExists" storage="c:\users\naga.kiran\source\soleraproject\backendprojecttests\bin\debug\net8.0\backendprojecttests.dll" id="6f9c1c44-45e2-6c18-76f6-77d349e2bcb0">
      <Execution id="43f80df2-2989-4ffe-956e-75eba79f538a" />
      <TestMethod codeBase="C:\Users\naga.kiran\source\SoleraProject\BackendProjectTests\bin\debug\net8.0\BackendProjectTests.dll" adapterTypeName="executor://mstestadapter/v2" className="BackendProject.Service.Implementation.Tests.ParkingAllocationServiceTests" name="DeleteAsync_ShouldReturnTrue_WhenEntityExists" />
    </UnitTest>
    <UnitTest name="DeleteAsync_ShouldReturnFalse_WhenVehicleNotFound" storage="c:\users\naga.kiran\source\soleraproject\backendprojecttests\bin\debug\net8.0\backendprojecttests.dll" id="af62867a-a9d0-90ee-9a01-bb57c2748870">
      <Execution id="954e0865-1b73-4979-b8e4-2dc2bab5edd5" />
      <TestMethod codeBase="C:\Users\naga.kiran\source\SoleraProject\BackendProjectTests\bin\debug\net8.0\BackendProjectTests.dll" adapterTypeName="executor://mstestadapter/v2" className="BackendProjectTests.Service.Implementation.VehicleServiceTests" name="DeleteAsync_ShouldReturnFalse_WhenVehicleNotFound" />
    </UnitTest>
    <UnitTest name="Delete_ShouldReturnNotFound_WhenMissing" storage="c:\users\naga.kiran\source\soleraproject\backendprojecttests\bin\debug\net8.0\backendprojecttests.dll" id="4f048e89-0159-1930-f93a-7c6c7b6cf428">
      <Execution id="9a032893-5cfc-48c8-b74f-9ad791a32bbd" />
      <TestMethod codeBase="C:\Users\naga.kiran\source\SoleraProject\BackendProjectTests\bin\debug\net8.0\BackendProjectTests.dll" adapterTypeName="executor://mstestadapter/v2" className="BackendProject.Controllers.Tests.ParkingLotsControllerTests" name="Delete_ShouldReturnNotFound_WhenMissing" />
    </UnitTest>
    <UnitTest name="GetByUserIdAsync_ShouldReturnEmpty_WhenUserHasNoVehicles" storage="c:\users\naga.kiran\source\soleraproject\backendprojecttests\bin\debug\net8.0\backendprojecttests.dll" id="e799c0c7-3aef-cde6-8bb8-e23656100378">
      <Execution id="b3353ded-9aff-41a6-908f-6692b57e96fe" />
      <TestMethod codeBase="C:\Users\naga.kiran\source\SoleraProject\BackendProjectTests\bin\debug\net8.0\BackendProjectTests.dll" adapterTypeName="executor://mstestadapter/v2" className="BackendProjectTests.Service.Implementation.VehicleServiceTests" name="GetByUserIdAsync_ShouldReturnEmpty_WhenUserHasNoVehicles" />
    </UnitTest>
    <UnitTest name="Create_ReturnsCreatedAtAction" storage="c:\users\naga.kiran\source\soleraproject\backendprojecttests\bin\debug\net8.0\backendprojecttests.dll" id="04296688-23c3-7b47-bb14-5d1470d62fa2">
      <Execution id="56ccd662-a39e-4aa5-b9d1-8eaaca5b8b31" />
      <TestMethod codeBase="C:\Users\naga.kiran\source\SoleraProject\BackendProjectTests\bin\debug\net8.0\BackendProjectTests.dll" adapterTypeName="executor://mstestadapter/v2" className="BackendProject.Controllers.Tests.VehiclesControllerTests" name="Create_ReturnsCreatedAtAction" />
    </UnitTest>
    <UnitTest name="Register_ShouldReturnOk_WhenUserIsCreated" storage="c:\users\naga.kiran\source\soleraproject\backendprojecttests\bin\debug\net8.0\backendprojecttests.dll" id="abf3ca11-8a70-2db8-e643-ff136054ebcb">
      <Execution id="25cc2c2b-d540-4226-ba8e-f7282feeba4d" />
      <TestMethod codeBase="C:\Users\naga.kiran\source\SoleraProject\BackendProjectTests\bin\debug\net8.0\BackendProjectTests.dll" adapterTypeName="executor://mstestadapter/v2" className="BackendProject.Controllers.Tests.UsersControllerTests" name="Register_ShouldReturnOk_WhenUserIsCreated" />
    </UnitTest>
  </TestDefinitions>
  <TestEntries>
    <TestEntry testId="31da5096-1153-8a09-5cb3-d129776621f6" executionId="46f99bbc-f407-43ef-92b8-f1af7d4d8807" testListId="8c84fa94-04c1-424b-9868-57a2d4851a1d" />
    <TestEntry testId="73eb45f5-f88a-3bad-82bc-2e8e7aee5924" executionId="18cb4df9-6378-4f88-a660-83d600230a62" testListId="8c84fa94-04c1-424b-9868-57a2d4851a1d" />
    <TestEntry testId="d14355f8-f074-a30e-854f-16f5aa3d3252" executionId="b7260301-a9ea-4663-9f80-c398d5e74816" testListId="8c84fa94-04c1-424b-9868-57a2d4851a1d" />
    <TestEntry testId="4dd0c9cd-6285-7618-5898-0aa207652629" executionId="a0809f7b-53ff-457f-a45b-f3664e27d00e" testListId="8c84fa94-04c1-424b-9868-57a2d4851a1d" />
    <TestEntry testId="d274b92b-c261-c981-fd9b-7dd043ffe3de" executionId="2206cfd6-311d-434b-8c6b-ad00017f92f6" testListId="8c84fa94-04c1-424b-9868-57a2d4851a1d" />
    <TestEntry testId="e799c0c7-3aef-cde6-8bb8-e23656100378" executionId="b3353ded-9aff-41a6-908f-6692b57e96fe" testListId="8c84fa94-04c1-424b-9868-57a2d4851a1d" />
    <TestEntry testId="c5f8635f-3f82-bb08-bf64-c0a5cd7e1502" executionId="3b09c66d-6496-47c8-9519-149d099ab1ac" testListId="8c84fa94-04c1-424b-9868-57a2d4851a1d" />
    <TestEntry testId="aa98d86b-b840-a1e7-2124-dd9ee61f971f" executionId="0015e22b-9745-4b5c-9013-1c52b16c1b0b" testListId="8c84fa94-04c1-424b-9868-57a2d4851a1d" />
    <TestEntry testId="6b635aa3-bec2-5035-fab8-faf002bd3c5b" executionId="b421450d-4198-466c-b1f5-86e272c5d833" testListId="8c84fa94-04c1-424b-9868-57a2d4851a1d" />
    <TestEntry testId="02e81839-7c12-edfb-4c02-0ab0c912d49e" executionId="a35aea19-2385-4e53-a1eb-418c5a950b1e" testListId="8c84fa94-04c1-424b-9868-57a2d4851a1d" />
    <TestEntry testId="ddeb16d0-a821-1046-3b6e-42a05925eea1" executionId="c4fecbc6-6413-4ae7-af45-905d410edacc" testListId="8c84fa94-04c1-424b-9868-57a2d4851a1d" />
    <TestEntry testId="7774c4e5-537c-ff8d-9d56-8a5d3e627df5" executionId="d31740fa-2e91-4706-8202-bee160396356" testListId="8c84fa94-04c1-424b-9868-57a2d4851a1d" />
    <TestEntry testId="c0009152-5d85-b475-a959-c4980d501eb8" executionId="79f21d2f-7d5d-4795-a8fb-50475725826a" testListId="8c84fa94-04c1-424b-9868-57a2d4851a1d" />
    <TestEntry testId="3928d88e-0f0e-0b2d-cd78-756310749bb4" executionId="3568cbdf-b10a-4423-b320-4f4ac8df2011" testListId="8c84fa94-04c1-424b-9868-57a2d4851a1d" />
    <TestEntry testId="456c9a65-f9f0-cbcf-6516-e95bbf598c0f" executionId="9df7b33b-6b50-4e6d-9e76-37e90cf008cf" testListId="8c84fa94-04c1-424b-9868-57a2d4851a1d" />
    <TestEntry testId="1f3dc559-d888-f056-7513-00084deb3366" executionId="5cc2a1cb-4513-4f89-a721-a4788975ccf6" testListId="8c84fa94-04c1-424b-9868-57a2d4851a1d" />
    <TestEntry testId="117f34a4-11ac-b1e0-ab4d-607741e8731e" executionId="47200016-0ecc-49b7-ad6e-b3f15393b3c3" testListId="8c84fa94-04c1-424b-9868-57a2d4851a1d" />
    <TestEntry testId="7bdbc46c-04fd-1dd1-e11e-17429e52cb37" executionId="f4e0a984-be75-42ed-995c-c5e0a7d82f7b" testListId="8c84fa94-04c1-424b-9868-57a2d4851a1d" />
    <TestEntry testId="343f5695-023c-9961-af4f-e1f4153e9db1" executionId="055aead2-5ada-4544-9f41-af2a5c07d694" testListId="8c84fa94-04c1-424b-9868-57a2d4851a1d" />
    <TestEntry testId="3014884c-cb7b-7f9e-db43-60d68e3b7245" executionId="1c1fd1a3-d8c5-469e-9229-b74696c7c262" testListId="8c84fa94-04c1-424b-9868-57a2d4851a1d" />
    <TestEntry testId="e4275c15-7221-7555-2e0e-dc88261c14c8" executionId="536944b3-190e-47a1-8504-4c0f51f4c463" testListId="8c84fa94-04c1-424b-9868-57a2d4851a1d" />
    <TestEntry testId="4f048e89-0159-1930-f93a-7c6c7b6cf428" executionId="9a032893-5cfc-48c8-b74f-9ad791a32bbd" testListId="8c84fa94-04c1-424b-9868-57a2d4851a1d" />
    <TestEntry testId="04296688-23c3-7b47-bb14-5d1470d62fa2" executionId="56ccd662-a39e-4aa5-b9d1-8eaaca5b8b31" testListId="8c84fa94-04c1-424b-9868-57a2d4851a1d" />
    <TestEntry testId="abf3ca11-8a70-2db8-e643-ff136054ebcb" executionId="25cc2c2b-d540-4226-ba8e-f7282feeba4d" testListId="8c84fa94-04c1-424b-9868-57a2d4851a1d" />
    <TestEntry testId="258d1529-a56c-338b-5610-ab15bb9ffdfd" executionId="d4fe3050-82ad-43cc-aa12-c0ca6a7c93c0" testListId="8c84fa94-04c1-424b-9868-57a2d4851a1d" />
    <TestEntry testId="6f9c1c44-45e2-6c18-76f6-77d349e2bcb0" executionId="43f80df2-2989-4ffe-956e-75eba79f538a" testListId="8c84fa94-04c1-424b-9868-57a2d4851a1d" />
    <TestEntry testId="3e45a5c8-7e10-fc13-be20-aa11ae138f44" executionId="b45f7207-9005-49c3-b524-b2f087a887bf" testListId="8c84fa94-04c1-424b-9868-57a2d4851a1d" />
    <TestEntry testId="1d8b2e12-83f8-a6d8-f5b3-f1ffd899e534" executionId="239ad12d-8c4a-40cd-a7ea-0283712569de" testListId="8c84fa94-04c1-424b-9868-57a2d4851a1d" />
    <TestEntry testId="45d38f21-20e6-fa81-7f1c-8e447ff2789b" executionId="074474ce-4fe7-4426-a4ce-93d23db8c12f" testListId="8c84fa94-04c1-424b-9868-57a2d4851a1d" />
    <TestEntry testId="dcad01f7-2ff1-46be-5014-80da8c37fab5" executionId="bd1a7754-db1e-4abb-a690-54a1956e8542" testListId="8c84fa94-04c1-424b-9868-57a2d4851a1d" />
    <TestEntry testId="5448e05d-c875-bf44-114a-fd9619369e1d" executionId="e3b95487-60fc-489d-be0c-69d0f6ae17af" testListId="8c84fa94-04c1-424b-9868-57a2d4851a1d" />
    <TestEntry testId="e0aede23-3949-7013-599b-9cc9564cf804" executionId="d4735d8b-4796-4211-9402-7cd3e8ec23b3" testListId="8c84fa94-04c1-424b-9868-57a2d4851a1d" />
    <TestEntry testId="a2919b9b-9615-7cb0-5cc2-25169af24724" executionId="9bb60d29-683f-4025-8e03-3b8261650083" testListId="8c84fa94-04c1-424b-9868-57a2d4851a1d" />
    <TestEntry testId="9a8a651e-ab5b-c4f6-01b0-32269ed030ea" executionId="b2c9509e-9a40-4fa6-bc81-2f9522f90989" testListId="8c84fa94-04c1-424b-9868-57a2d4851a1d" />
    <TestEntry testId="63c774fd-51b1-09e9-cda7-d1d1fc7d1c8c" executionId="b51aaec8-f76f-48c7-8118-cc71228a6ba3" testListId="8c84fa94-04c1-424b-9868-57a2d4851a1d" />
    <TestEntry testId="2aee4878-5c77-3c47-7469-839f2c1db038" executionId="7a5e5fb2-f06c-4521-a8c6-6013e9179cfb" testListId="8c84fa94-04c1-424b-9868-57a2d4851a1d" />
    <TestEntry testId="79f1df1b-99f8-41bb-14c7-4e6d3cd79359" executionId="7e9c92bf-d37e-47ad-bdaa-5341d68867c8" testListId="8c84fa94-04c1-424b-9868-57a2d4851a1d" />
    <TestEntry testId="9e3db448-0162-4616-558b-43031bd5c23e" executionId="26f600b3-3f54-4f0f-b893-3f0c8d717fc7" testListId="8c84fa94-04c1-424b-9868-57a2d4851a1d" />
    <TestEntry testId="d9f31a27-989c-3017-9467-feec03588e0e" executionId="20ade526-011d-4109-8ee8-3ccd4ecd5e8c" testListId="8c84fa94-04c1-424b-9868-57a2d4851a1d" />
    <TestEntry testId="bb5187bd-6a21-48cf-667f-b92685075182" executionId="c4c74128-485d-4b2d-9269-29777ca6f87a" testListId="8c84fa94-04c1-424b-9868-57a2d4851a1d" />
    <TestEntry testId="196c20b7-56f4-b772-b822-aae7ce399488" executionId="20fa4d56-4e9e-4e26-a947-5333f4130e06" testListId="8c84fa94-04c1-424b-9868-57a2d4851a1d" />
    <TestEntry testId="9a875d61-da3d-d643-b275-40ed1759ad08" executionId="7ec14372-eefd-4c3c-9320-4ce05f78d3ee" testListId="8c84fa94-04c1-424b-9868-57a2d4851a1d" />
    <TestEntry testId="27edc73c-31e4-dc58-72ac-c1a58ff6810e" executionId="989fb78f-1d4e-4968-8696-8a743cd5a98a" testListId="8c84fa94-04c1-424b-9868-57a2d4851a1d" />
    <TestEntry testId="de9867d7-66f6-816c-ec3b-88e9be438a7d" executionId="74e14681-28e5-41e6-b7b0-3c6f75d824c6" testListId="8c84fa94-04c1-424b-9868-57a2d4851a1d" />
    <TestEntry testId="0b9443cd-95f4-6e2f-1b30-b3f63191f802" executionId="abb9d055-0d7c-4bf7-b2fa-6fbe6fc1622a" testListId="8c84fa94-04c1-424b-9868-57a2d4851a1d" />
    <TestEntry testId="21c64dd5-30d4-136b-e765-dea9edc49094" executionId="38c0363d-6e4a-457d-b7e1-54c094f968f6" testListId="8c84fa94-04c1-424b-9868-57a2d4851a1d" />
    <TestEntry testId="fe8c0d46-29ab-2ce6-1539-9971916e004d" executionId="02916028-d7a6-4917-a25a-9b1f22d201ad" testListId="8c84fa94-04c1-424b-9868-57a2d4851a1d" />
    <TestEntry testId="fe358b15-b7cc-2a44-b534-19a574d2a2f4" executionId="10ba24cd-99cf-4aef-8c4b-6c132cea3c4c" testListId="8c84fa94-04c1-424b-9868-57a2d4851a1d" />
    <TestEntry testId="dc766bfd-83f6-041b-ed51-e8f2826ec557" executionId="1a7c438f-64d2-4609-a854-d7a3f3c94d3c" testListId="8c84fa94-04c1-424b-9868-57a2d4851a1d" />
    <TestEntry testId="22ca1c0d-0ffe-9889-1ce2-50f61ae3c9b0" executionId="db5f5c1d-7e51-4ab4-ab01-4a72ea0be15a" testListId="8c84fa94-04c1-424b-9868-57a2d4851a1d" />
    <TestEntry testId="c1da4256-33e0-e70f-62c9-09605a6579d7" executionId="e763db89-b892-4701-9bb6-560d47c66c2c" testListId="8c84fa94-04c1-424b-9868-57a2d4851a1d" />
    <TestEntry testId="74fd81f8-c8a6-968e-9561-8ba77deb9b76" executionId="eddc2687-132a-41a6-a66a-c78469244b8f" testListId="8c84fa94-04c1-424b-9868-57a2d4851a1d" />
    <TestEntry testId="c8f9674e-3b76-5474-da63-288c8c8609ce" executionId="19ce8dc2-ff4a-4fe0-a5d2-0e4ae6df8236" testListId="8c84fa94-04c1-424b-9868-57a2d4851a1d" />
    <TestEntry testId="d1e154b9-9f9d-7751-9023-e5767229013a" executionId="d9522e54-ef62-47cb-ba61-fa149fe2a0e2" testListId="8c84fa94-04c1-424b-9868-57a2d4851a1d" />
    <TestEntry testId="aa456fea-ede5-baef-c0fd-346de2041f2d" executionId="a64de1d2-29ad-4769-8d60-ca2a10cf7d0c" testListId="8c84fa94-04c1-424b-9868-57a2d4851a1d" />
    <TestEntry testId="bb080c0e-ac9f-0924-9df6-8b2331f8bb5e" executionId="dceee32d-ac9b-4d2f-b3af-b517e85aca96" testListId="8c84fa94-04c1-424b-9868-57a2d4851a1d" />
    <TestEntry testId="a13cb9fb-2890-c4cf-3793-b9d80bdb7b95" executionId="835ed386-d364-4cdf-929b-09e7d696e786" testListId="8c84fa94-04c1-424b-9868-57a2d4851a1d" />
    <TestEntry testId="248a2433-3324-b841-92a5-d295227c7165" executionId="a6639b1e-ec38-4666-ae14-3c24cd0f4975" testListId="8c84fa94-04c1-424b-9868-57a2d4851a1d" />
    <TestEntry testId="ce0d4c79-d2d4-e568-1744-5c547b467744" executionId="3a5d9dc6-3650-4975-a7ee-2ee78cab245c" testListId="8c84fa94-04c1-424b-9868-57a2d4851a1d" />
    <TestEntry testId="5bd0d352-4028-db06-b96a-90abde687c77" executionId="90e64f03-42a3-43c0-8147-519a6fb4c3cd" testListId="8c84fa94-04c1-424b-9868-57a2d4851a1d" />
    <TestEntry testId="5d079f40-9a03-cd42-4326-1c1dbc7cddca" executionId="03da196e-9d70-4cb7-9201-bbd25f834154" testListId="8c84fa94-04c1-424b-9868-57a2d4851a1d" />
    <TestEntry testId="43e8a79f-f744-432b-89e4-f43b68755767" executionId="a5018588-ddc7-48e7-aa10-9c1b336a3c70" testListId="8c84fa94-04c1-424b-9868-57a2d4851a1d" />
    <TestEntry testId="60ab43f4-d1d6-ef63-6b0a-a5e9a4ecfb47" executionId="1a536ded-542c-43e3-a236-a3610d72802c" testListId="8c84fa94-04c1-424b-9868-57a2d4851a1d" />
    <TestEntry testId="43774e13-61b2-7dd9-cdb4-f09dd1d991be" executionId="16218c44-499e-445a-bc98-a1287623a2f4" testListId="8c84fa94-04c1-424b-9868-57a2d4851a1d" />
    <TestEntry testId="af62867a-a9d0-90ee-9a01-bb57c2748870" executionId="954e0865-1b73-4979-b8e4-2dc2bab5edd5" testListId="8c84fa94-04c1-424b-9868-57a2d4851a1d" />
    <TestEntry testId="2ffc4119-2491-37b0-45ee-aa576d53095e" executionId="7ea1aad0-33f0-400e-9f99-ff1d291ec93b" testListId="8c84fa94-04c1-424b-9868-57a2d4851a1d" />
    <TestEntry testId="1761e82a-6c5c-f18a-db28-cf2b6ec869e7" executionId="60753716-72a8-49bd-bcef-a8c1434b64e3" testListId="8c84fa94-04c1-424b-9868-57a2d4851a1d" />
    <TestEntry testId="4d7d8266-59c1-d2c3-ae66-ad8c4104f569" executionId="1f9e52bf-70de-4a62-aa75-c6cb7371187d" testListId="8c84fa94-04c1-424b-9868-57a2d4851a1d" />
    <TestEntry testId="6bd6d10a-fd16-00dc-2b8b-068bb459c5ba" executionId="bba3b697-541f-405a-980d-d74dfdfb0603" testListId="8c84fa94-04c1-424b-9868-57a2d4851a1d" />
    <TestEntry testId="ccab388f-826e-ed05-54fd-db2dda24a00e" executionId="3d2ed0e8-8335-42c9-a8d6-249e4927eb73" testListId="8c84fa94-04c1-424b-9868-57a2d4851a1d" />
    <TestEntry testId="e263794e-79bf-60ce-7ee9-23cc78ebf5bc" executionId="cd77af27-bbea-45b0-b477-47eb3ba65024" testListId="8c84fa94-04c1-424b-9868-57a2d4851a1d" />
    <TestEntry testId="00537472-3619-116a-3f34-3333ad460a38" executionId="4aa96f25-d98c-4d15-a3b8-ed1b2cc55210" testListId="8c84fa94-04c1-424b-9868-57a2d4851a1d" />
    <TestEntry testId="1d421169-d582-d033-d8f4-66d68254d506" executionId="9e91463c-80e1-4b12-a3c7-adb5e339de7f" testListId="8c84fa94-04c1-424b-9868-57a2d4851a1d" />
    <TestEntry testId="e71e6cc3-eb72-a390-e058-a9dce30b9d62" executionId="9f61ef10-c061-4b49-b00b-548aae7baac0" testListId="8c84fa94-04c1-424b-9868-57a2d4851a1d" />
    <TestEntry testId="a3ec6e65-e399-e464-74f5-ba11f372873d" executionId="8ec001fb-3e4d-410c-bdb2-7ce95fee6edb" testListId="8c84fa94-04c1-424b-9868-57a2d4851a1d" />
    <TestEntry testId="7294b325-eb4d-77de-ece2-ca032192cf9c" executionId="4693c5c8-876b-434e-b170-0fe5058a2e7b" testListId="8c84fa94-04c1-424b-9868-57a2d4851a1d" />
    <TestEntry testId="531c724b-f4fe-c4ff-bd15-04e1b9c3dae3" executionId="1c6f78e4-56e8-454a-ab87-37bdc9c05e45" testListId="8c84fa94-04c1-424b-9868-57a2d4851a1d" />
    <TestEntry testId="7e9fee74-970a-c2d8-5615-5d0b2543ada7" executionId="cda6b561-bf29-4e74-a39e-bc2d0c3b06ff" testListId="8c84fa94-04c1-424b-9868-57a2d4851a1d" />
    <TestEntry testId="227eda6d-825e-d38a-7263-44dad81e6b1b" executionId="f81893dc-e576-4ffa-9eda-e0cca967a478" testListId="8c84fa94-04c1-424b-9868-57a2d4851a1d" />
    <TestEntry testId="ddfa01f6-eca9-9657-1039-d9a40e70ca15" executionId="c18f843e-4cb9-4c89-9b12-47922d6aae1f" testListId="8c84fa94-04c1-424b-9868-57a2d4851a1d" />
    <TestEntry testId="d422f7fa-a359-2d23-decf-f62398b71304" executionId="ce5f7c81-20d2-479c-a175-f6d647cd5c38" testListId="8c84fa94-04c1-424b-9868-57a2d4851a1d" />
    <TestEntry testId="9bf74a8d-d87c-c166-c79d-9527e40e5e1c" executionId="0c222a19-a245-4d8e-8b7e-ba847db800f2" testListId="8c84fa94-04c1-424b-9868-57a2d4851a1d" />
  </TestEntries>
  <TestLists>
    <TestList name="Results Not in a List" id="8c84fa94-04c1-424b-9868-57a2d4851a1d" />
    <TestList name="All Loaded Results" id="19431567-8539-422a-85d7-44ee4e166bda" />
  </TestLists>
  <ResultSummary outcome="Completed">
    <Counters total="82" executed="82" passed="82" failed="0" error="0" timeout="0" aborted="0" inconclusive="0" passedButRunAborted="0" notRunnable="0" notExecuted="0" disconnected="0" warning="0" completed="0" inProgress="0" pending="0" />
  </ResultSummary>
</TestRun>